[2026-02-22T13:37:09.479+0000] {processor.py:186} INFO - Started process (PID=417) to work on /opt/airflow/dags/spark_elasticsearch_pipeline.py
[2026-02-22T13:37:09.480+0000] {processor.py:914} INFO - Processing file /opt/airflow/dags/spark_elasticsearch_pipeline.py for tasks to queue
[2026-02-22T13:37:09.482+0000] {logging_mixin.py:190} INFO - [2026-02-22T13:37:09.481+0000] {dagbag.py:588} INFO - Filling up the DagBag from /opt/airflow/dags/spark_elasticsearch_pipeline.py
[2026-02-22T13:37:09.501+0000] {processor.py:925} INFO - DAG(s) 'spark_elasticsearch_pipeline' retrieved from /opt/airflow/dags/spark_elasticsearch_pipeline.py
[2026-02-22T13:37:09.579+0000] {logging_mixin.py:190} INFO - [2026-02-22T13:37:09.578+0000] {override.py:1911} INFO - Created Permission View: can read on DAG:spark_elasticsearch_pipeline
[2026-02-22T13:37:09.586+0000] {logging_mixin.py:190} INFO - [2026-02-22T13:37:09.585+0000] {override.py:1911} INFO - Created Permission View: can edit on DAG:spark_elasticsearch_pipeline
[2026-02-22T13:37:09.590+0000] {logging_mixin.py:190} INFO - [2026-02-22T13:37:09.590+0000] {override.py:1911} INFO - Created Permission View: can delete on DAG:spark_elasticsearch_pipeline
[2026-02-22T13:37:09.595+0000] {logging_mixin.py:190} INFO - [2026-02-22T13:37:09.595+0000] {override.py:1911} INFO - Created Permission View: can read on DAG Run:spark_elasticsearch_pipeline
[2026-02-22T13:37:09.600+0000] {logging_mixin.py:190} INFO - [2026-02-22T13:37:09.599+0000] {override.py:1911} INFO - Created Permission View: can create on DAG Run:spark_elasticsearch_pipeline
[2026-02-22T13:37:09.604+0000] {logging_mixin.py:190} INFO - [2026-02-22T13:37:09.604+0000] {override.py:1911} INFO - Created Permission View: menu access on DAG Run:spark_elasticsearch_pipeline
[2026-02-22T13:37:09.609+0000] {logging_mixin.py:190} INFO - [2026-02-22T13:37:09.609+0000] {override.py:1911} INFO - Created Permission View: can delete on DAG Run:spark_elasticsearch_pipeline
[2026-02-22T13:37:09.610+0000] {logging_mixin.py:190} INFO - [2026-02-22T13:37:09.609+0000] {dag.py:3239} INFO - Sync 1 DAGs
[2026-02-22T13:37:09.618+0000] {logging_mixin.py:190} INFO - [2026-02-22T13:37:09.618+0000] {dag.py:3262} INFO - Creating ORM DAG for spark_elasticsearch_pipeline
[2026-02-22T13:37:09.618+0000] {logging_mixin.py:190} INFO - [2026-02-22T13:37:09.618+0000] {dag.py:4180} INFO - Setting next_dagrun for spark_elasticsearch_pipeline to None, run_after=None
[2026-02-22T13:37:09.632+0000] {processor.py:208} INFO - Processing /opt/airflow/dags/spark_elasticsearch_pipeline.py took 0.157 seconds
[2026-02-22T13:37:40.032+0000] {processor.py:186} INFO - Started process (PID=428) to work on /opt/airflow/dags/spark_elasticsearch_pipeline.py
[2026-02-22T13:37:40.033+0000] {processor.py:914} INFO - Processing file /opt/airflow/dags/spark_elasticsearch_pipeline.py for tasks to queue
[2026-02-22T13:37:40.035+0000] {logging_mixin.py:190} INFO - [2026-02-22T13:37:40.034+0000] {dagbag.py:588} INFO - Filling up the DagBag from /opt/airflow/dags/spark_elasticsearch_pipeline.py
[2026-02-22T13:37:40.050+0000] {processor.py:925} INFO - DAG(s) 'spark_elasticsearch_pipeline' retrieved from /opt/airflow/dags/spark_elasticsearch_pipeline.py
[2026-02-22T13:37:40.071+0000] {logging_mixin.py:190} INFO - [2026-02-22T13:37:40.070+0000] {dag.py:3239} INFO - Sync 1 DAGs
[2026-02-22T13:37:40.082+0000] {logging_mixin.py:190} INFO - [2026-02-22T13:37:40.082+0000] {dag.py:4180} INFO - Setting next_dagrun for spark_elasticsearch_pipeline to None, run_after=None
[2026-02-22T13:37:40.096+0000] {processor.py:208} INFO - Processing /opt/airflow/dags/spark_elasticsearch_pipeline.py took 0.070 seconds
[2026-02-22T13:38:10.402+0000] {processor.py:186} INFO - Started process (PID=439) to work on /opt/airflow/dags/spark_elasticsearch_pipeline.py
[2026-02-22T13:38:10.402+0000] {processor.py:914} INFO - Processing file /opt/airflow/dags/spark_elasticsearch_pipeline.py for tasks to queue
[2026-02-22T13:38:10.404+0000] {logging_mixin.py:190} INFO - [2026-02-22T13:38:10.404+0000] {dagbag.py:588} INFO - Filling up the DagBag from /opt/airflow/dags/spark_elasticsearch_pipeline.py
[2026-02-22T13:38:10.418+0000] {processor.py:925} INFO - DAG(s) 'spark_elasticsearch_pipeline' retrieved from /opt/airflow/dags/spark_elasticsearch_pipeline.py
[2026-02-22T13:38:10.436+0000] {logging_mixin.py:190} INFO - [2026-02-22T13:38:10.436+0000] {dag.py:3239} INFO - Sync 1 DAGs
[2026-02-22T13:38:10.447+0000] {logging_mixin.py:190} INFO - [2026-02-22T13:38:10.447+0000] {dag.py:4180} INFO - Setting next_dagrun for spark_elasticsearch_pipeline to None, run_after=None
[2026-02-22T13:38:10.459+0000] {processor.py:208} INFO - Processing /opt/airflow/dags/spark_elasticsearch_pipeline.py took 0.062 seconds
[2026-02-22T13:38:41.572+0000] {processor.py:186} INFO - Started process (PID=450) to work on /opt/airflow/dags/spark_elasticsearch_pipeline.py
[2026-02-22T13:38:41.573+0000] {processor.py:914} INFO - Processing file /opt/airflow/dags/spark_elasticsearch_pipeline.py for tasks to queue
[2026-02-22T13:38:41.575+0000] {logging_mixin.py:190} INFO - [2026-02-22T13:38:41.574+0000] {dagbag.py:588} INFO - Filling up the DagBag from /opt/airflow/dags/spark_elasticsearch_pipeline.py
[2026-02-22T13:38:41.596+0000] {processor.py:925} INFO - DAG(s) 'spark_elasticsearch_pipeline' retrieved from /opt/airflow/dags/spark_elasticsearch_pipeline.py
[2026-02-22T13:38:41.615+0000] {logging_mixin.py:190} INFO - [2026-02-22T13:38:41.615+0000] {dag.py:3239} INFO - Sync 1 DAGs
[2026-02-22T13:38:41.627+0000] {logging_mixin.py:190} INFO - [2026-02-22T13:38:41.627+0000] {dag.py:4180} INFO - Setting next_dagrun for spark_elasticsearch_pipeline to None, run_after=None
[2026-02-22T13:38:41.641+0000] {processor.py:208} INFO - Processing /opt/airflow/dags/spark_elasticsearch_pipeline.py took 0.076 seconds
[2026-02-22T13:39:12.572+0000] {processor.py:186} INFO - Started process (PID=461) to work on /opt/airflow/dags/spark_elasticsearch_pipeline.py
[2026-02-22T13:39:12.574+0000] {processor.py:914} INFO - Processing file /opt/airflow/dags/spark_elasticsearch_pipeline.py for tasks to queue
[2026-02-22T13:39:12.575+0000] {logging_mixin.py:190} INFO - [2026-02-22T13:39:12.575+0000] {dagbag.py:588} INFO - Filling up the DagBag from /opt/airflow/dags/spark_elasticsearch_pipeline.py
[2026-02-22T13:39:12.587+0000] {processor.py:925} INFO - DAG(s) 'spark_elasticsearch_pipeline' retrieved from /opt/airflow/dags/spark_elasticsearch_pipeline.py
[2026-02-22T13:39:12.604+0000] {logging_mixin.py:190} INFO - [2026-02-22T13:39:12.604+0000] {dag.py:3239} INFO - Sync 1 DAGs
[2026-02-22T13:39:12.613+0000] {logging_mixin.py:190} INFO - [2026-02-22T13:39:12.612+0000] {dag.py:4180} INFO - Setting next_dagrun for spark_elasticsearch_pipeline to None, run_after=None
[2026-02-22T13:39:12.624+0000] {processor.py:208} INFO - Processing /opt/airflow/dags/spark_elasticsearch_pipeline.py took 0.055 seconds
[2026-02-22T13:39:44.718+0000] {processor.py:186} INFO - Started process (PID=472) to work on /opt/airflow/dags/spark_elasticsearch_pipeline.py
[2026-02-22T13:39:44.719+0000] {processor.py:914} INFO - Processing file /opt/airflow/dags/spark_elasticsearch_pipeline.py for tasks to queue
[2026-02-22T13:39:44.720+0000] {logging_mixin.py:190} INFO - [2026-02-22T13:39:44.720+0000] {dagbag.py:588} INFO - Filling up the DagBag from /opt/airflow/dags/spark_elasticsearch_pipeline.py
[2026-02-22T13:39:44.732+0000] {processor.py:925} INFO - DAG(s) 'spark_elasticsearch_pipeline' retrieved from /opt/airflow/dags/spark_elasticsearch_pipeline.py
[2026-02-22T13:39:44.750+0000] {logging_mixin.py:190} INFO - [2026-02-22T13:39:44.750+0000] {dag.py:3239} INFO - Sync 1 DAGs
[2026-02-22T13:39:44.759+0000] {logging_mixin.py:190} INFO - [2026-02-22T13:39:44.759+0000] {dag.py:4180} INFO - Setting next_dagrun for spark_elasticsearch_pipeline to None, run_after=None
[2026-02-22T13:39:44.770+0000] {processor.py:208} INFO - Processing /opt/airflow/dags/spark_elasticsearch_pipeline.py took 0.058 seconds
[2026-02-22T13:40:16.856+0000] {processor.py:186} INFO - Started process (PID=483) to work on /opt/airflow/dags/spark_elasticsearch_pipeline.py
[2026-02-22T13:40:16.857+0000] {processor.py:914} INFO - Processing file /opt/airflow/dags/spark_elasticsearch_pipeline.py for tasks to queue
[2026-02-22T13:40:16.859+0000] {logging_mixin.py:190} INFO - [2026-02-22T13:40:16.858+0000] {dagbag.py:588} INFO - Filling up the DagBag from /opt/airflow/dags/spark_elasticsearch_pipeline.py
[2026-02-22T13:40:16.874+0000] {processor.py:925} INFO - DAG(s) 'spark_elasticsearch_pipeline' retrieved from /opt/airflow/dags/spark_elasticsearch_pipeline.py
[2026-02-22T13:40:16.892+0000] {logging_mixin.py:190} INFO - [2026-02-22T13:40:16.892+0000] {dag.py:3239} INFO - Sync 1 DAGs
[2026-02-22T13:40:16.902+0000] {logging_mixin.py:190} INFO - [2026-02-22T13:40:16.902+0000] {dag.py:4180} INFO - Setting next_dagrun for spark_elasticsearch_pipeline to None, run_after=None
[2026-02-22T13:40:16.914+0000] {processor.py:208} INFO - Processing /opt/airflow/dags/spark_elasticsearch_pipeline.py took 0.064 seconds
[2026-02-22T13:40:48.002+0000] {processor.py:186} INFO - Started process (PID=494) to work on /opt/airflow/dags/spark_elasticsearch_pipeline.py
[2026-02-22T13:40:48.003+0000] {processor.py:914} INFO - Processing file /opt/airflow/dags/spark_elasticsearch_pipeline.py for tasks to queue
[2026-02-22T13:40:48.005+0000] {logging_mixin.py:190} INFO - [2026-02-22T13:40:48.004+0000] {dagbag.py:588} INFO - Filling up the DagBag from /opt/airflow/dags/spark_elasticsearch_pipeline.py
[2026-02-22T13:40:48.020+0000] {processor.py:925} INFO - DAG(s) 'spark_elasticsearch_pipeline' retrieved from /opt/airflow/dags/spark_elasticsearch_pipeline.py
[2026-02-22T13:40:48.040+0000] {logging_mixin.py:190} INFO - [2026-02-22T13:40:48.039+0000] {dag.py:3239} INFO - Sync 1 DAGs
[2026-02-22T13:40:48.050+0000] {logging_mixin.py:190} INFO - [2026-02-22T13:40:48.050+0000] {dag.py:4180} INFO - Setting next_dagrun for spark_elasticsearch_pipeline to None, run_after=None
[2026-02-22T13:40:48.062+0000] {processor.py:208} INFO - Processing /opt/airflow/dags/spark_elasticsearch_pipeline.py took 0.065 seconds
[2026-02-22T13:41:18.984+0000] {processor.py:186} INFO - Started process (PID=505) to work on /opt/airflow/dags/spark_elasticsearch_pipeline.py
[2026-02-22T13:41:18.984+0000] {processor.py:914} INFO - Processing file /opt/airflow/dags/spark_elasticsearch_pipeline.py for tasks to queue
[2026-02-22T13:41:18.986+0000] {logging_mixin.py:190} INFO - [2026-02-22T13:41:18.986+0000] {dagbag.py:588} INFO - Filling up the DagBag from /opt/airflow/dags/spark_elasticsearch_pipeline.py
[2026-02-22T13:41:19.001+0000] {processor.py:925} INFO - DAG(s) 'spark_elasticsearch_pipeline' retrieved from /opt/airflow/dags/spark_elasticsearch_pipeline.py
[2026-02-22T13:41:19.022+0000] {logging_mixin.py:190} INFO - [2026-02-22T13:41:19.022+0000] {dag.py:3239} INFO - Sync 1 DAGs
[2026-02-22T13:41:19.035+0000] {logging_mixin.py:190} INFO - [2026-02-22T13:41:19.035+0000] {dag.py:4180} INFO - Setting next_dagrun for spark_elasticsearch_pipeline to None, run_after=None
[2026-02-22T13:41:19.047+0000] {processor.py:208} INFO - Processing /opt/airflow/dags/spark_elasticsearch_pipeline.py took 0.071 seconds
[2026-02-22T13:41:49.488+0000] {processor.py:186} INFO - Started process (PID=516) to work on /opt/airflow/dags/spark_elasticsearch_pipeline.py
[2026-02-22T13:41:49.489+0000] {processor.py:914} INFO - Processing file /opt/airflow/dags/spark_elasticsearch_pipeline.py for tasks to queue
[2026-02-22T13:41:49.492+0000] {logging_mixin.py:190} INFO - [2026-02-22T13:41:49.491+0000] {dagbag.py:588} INFO - Filling up the DagBag from /opt/airflow/dags/spark_elasticsearch_pipeline.py
[2026-02-22T13:41:49.506+0000] {processor.py:925} INFO - DAG(s) 'spark_elasticsearch_pipeline' retrieved from /opt/airflow/dags/spark_elasticsearch_pipeline.py
[2026-02-22T13:41:49.524+0000] {logging_mixin.py:190} INFO - [2026-02-22T13:41:49.523+0000] {dag.py:3239} INFO - Sync 1 DAGs
[2026-02-22T13:41:49.533+0000] {logging_mixin.py:190} INFO - [2026-02-22T13:41:49.533+0000] {dag.py:4180} INFO - Setting next_dagrun for spark_elasticsearch_pipeline to None, run_after=None
[2026-02-22T13:41:49.545+0000] {processor.py:208} INFO - Processing /opt/airflow/dags/spark_elasticsearch_pipeline.py took 0.061 seconds
[2026-02-22T13:42:20.855+0000] {processor.py:186} INFO - Started process (PID=527) to work on /opt/airflow/dags/spark_elasticsearch_pipeline.py
[2026-02-22T13:42:20.856+0000] {processor.py:914} INFO - Processing file /opt/airflow/dags/spark_elasticsearch_pipeline.py for tasks to queue
[2026-02-22T13:42:20.858+0000] {logging_mixin.py:190} INFO - [2026-02-22T13:42:20.857+0000] {dagbag.py:588} INFO - Filling up the DagBag from /opt/airflow/dags/spark_elasticsearch_pipeline.py
[2026-02-22T13:42:20.870+0000] {processor.py:925} INFO - DAG(s) 'spark_elasticsearch_pipeline' retrieved from /opt/airflow/dags/spark_elasticsearch_pipeline.py
[2026-02-22T13:42:20.887+0000] {logging_mixin.py:190} INFO - [2026-02-22T13:42:20.887+0000] {dag.py:3239} INFO - Sync 1 DAGs
[2026-02-22T13:42:20.896+0000] {logging_mixin.py:190} INFO - [2026-02-22T13:42:20.896+0000] {dag.py:4180} INFO - Setting next_dagrun for spark_elasticsearch_pipeline to None, run_after=None
[2026-02-22T13:42:20.910+0000] {processor.py:208} INFO - Processing /opt/airflow/dags/spark_elasticsearch_pipeline.py took 0.058 seconds
[2026-02-22T13:42:50.978+0000] {processor.py:186} INFO - Started process (PID=538) to work on /opt/airflow/dags/spark_elasticsearch_pipeline.py
[2026-02-22T13:42:50.979+0000] {processor.py:914} INFO - Processing file /opt/airflow/dags/spark_elasticsearch_pipeline.py for tasks to queue
[2026-02-22T13:42:50.981+0000] {logging_mixin.py:190} INFO - [2026-02-22T13:42:50.980+0000] {dagbag.py:588} INFO - Filling up the DagBag from /opt/airflow/dags/spark_elasticsearch_pipeline.py
[2026-02-22T13:42:50.995+0000] {processor.py:925} INFO - DAG(s) 'spark_elasticsearch_pipeline' retrieved from /opt/airflow/dags/spark_elasticsearch_pipeline.py
[2026-02-22T13:42:51.012+0000] {logging_mixin.py:190} INFO - [2026-02-22T13:42:51.011+0000] {dag.py:3239} INFO - Sync 1 DAGs
[2026-02-22T13:42:51.021+0000] {logging_mixin.py:190} INFO - [2026-02-22T13:42:51.021+0000] {dag.py:4180} INFO - Setting next_dagrun for spark_elasticsearch_pipeline to None, run_after=None
[2026-02-22T13:42:51.033+0000] {processor.py:208} INFO - Processing /opt/airflow/dags/spark_elasticsearch_pipeline.py took 0.058 seconds
[2026-02-22T13:43:21.964+0000] {processor.py:186} INFO - Started process (PID=549) to work on /opt/airflow/dags/spark_elasticsearch_pipeline.py
[2026-02-22T13:43:21.964+0000] {processor.py:914} INFO - Processing file /opt/airflow/dags/spark_elasticsearch_pipeline.py for tasks to queue
[2026-02-22T13:43:21.966+0000] {logging_mixin.py:190} INFO - [2026-02-22T13:43:21.966+0000] {dagbag.py:588} INFO - Filling up the DagBag from /opt/airflow/dags/spark_elasticsearch_pipeline.py
[2026-02-22T13:43:21.978+0000] {processor.py:925} INFO - DAG(s) 'spark_elasticsearch_pipeline' retrieved from /opt/airflow/dags/spark_elasticsearch_pipeline.py
[2026-02-22T13:43:21.998+0000] {logging_mixin.py:190} INFO - [2026-02-22T13:43:21.997+0000] {dag.py:3239} INFO - Sync 1 DAGs
[2026-02-22T13:43:22.007+0000] {logging_mixin.py:190} INFO - [2026-02-22T13:43:22.007+0000] {dag.py:4180} INFO - Setting next_dagrun for spark_elasticsearch_pipeline to None, run_after=None
[2026-02-22T13:43:22.018+0000] {processor.py:208} INFO - Processing /opt/airflow/dags/spark_elasticsearch_pipeline.py took 0.061 seconds
[2026-02-22T13:43:54.110+0000] {processor.py:186} INFO - Started process (PID=560) to work on /opt/airflow/dags/spark_elasticsearch_pipeline.py
[2026-02-22T13:43:54.110+0000] {processor.py:914} INFO - Processing file /opt/airflow/dags/spark_elasticsearch_pipeline.py for tasks to queue
[2026-02-22T13:43:54.112+0000] {logging_mixin.py:190} INFO - [2026-02-22T13:43:54.111+0000] {dagbag.py:588} INFO - Filling up the DagBag from /opt/airflow/dags/spark_elasticsearch_pipeline.py
[2026-02-22T13:43:54.125+0000] {processor.py:925} INFO - DAG(s) 'spark_elasticsearch_pipeline' retrieved from /opt/airflow/dags/spark_elasticsearch_pipeline.py
[2026-02-22T13:43:54.142+0000] {logging_mixin.py:190} INFO - [2026-02-22T13:43:54.142+0000] {dag.py:3239} INFO - Sync 1 DAGs
[2026-02-22T13:43:54.152+0000] {logging_mixin.py:190} INFO - [2026-02-22T13:43:54.152+0000] {dag.py:4180} INFO - Setting next_dagrun for spark_elasticsearch_pipeline to None, run_after=None
[2026-02-22T13:43:54.166+0000] {processor.py:208} INFO - Processing /opt/airflow/dags/spark_elasticsearch_pipeline.py took 0.061 seconds
[2026-02-22T13:44:27.252+0000] {processor.py:186} INFO - Started process (PID=571) to work on /opt/airflow/dags/spark_elasticsearch_pipeline.py
[2026-02-22T13:44:27.253+0000] {processor.py:914} INFO - Processing file /opt/airflow/dags/spark_elasticsearch_pipeline.py for tasks to queue
[2026-02-22T13:44:27.254+0000] {logging_mixin.py:190} INFO - [2026-02-22T13:44:27.254+0000] {dagbag.py:588} INFO - Filling up the DagBag from /opt/airflow/dags/spark_elasticsearch_pipeline.py
[2026-02-22T13:44:27.267+0000] {processor.py:925} INFO - DAG(s) 'spark_elasticsearch_pipeline' retrieved from /opt/airflow/dags/spark_elasticsearch_pipeline.py
[2026-02-22T13:44:27.285+0000] {logging_mixin.py:190} INFO - [2026-02-22T13:44:27.285+0000] {dag.py:3239} INFO - Sync 1 DAGs
[2026-02-22T13:44:27.295+0000] {logging_mixin.py:190} INFO - [2026-02-22T13:44:27.294+0000] {dag.py:4180} INFO - Setting next_dagrun for spark_elasticsearch_pipeline to None, run_after=None
[2026-02-22T13:44:27.308+0000] {processor.py:208} INFO - Processing /opt/airflow/dags/spark_elasticsearch_pipeline.py took 0.060 seconds
[2026-02-22T13:44:59.420+0000] {processor.py:186} INFO - Started process (PID=582) to work on /opt/airflow/dags/spark_elasticsearch_pipeline.py
[2026-02-22T13:44:59.421+0000] {processor.py:914} INFO - Processing file /opt/airflow/dags/spark_elasticsearch_pipeline.py for tasks to queue
[2026-02-22T13:44:59.423+0000] {logging_mixin.py:190} INFO - [2026-02-22T13:44:59.423+0000] {dagbag.py:588} INFO - Filling up the DagBag from /opt/airflow/dags/spark_elasticsearch_pipeline.py
[2026-02-22T13:44:59.436+0000] {processor.py:925} INFO - DAG(s) 'spark_elasticsearch_pipeline' retrieved from /opt/airflow/dags/spark_elasticsearch_pipeline.py
[2026-02-22T13:44:59.454+0000] {logging_mixin.py:190} INFO - [2026-02-22T13:44:59.454+0000] {dag.py:3239} INFO - Sync 1 DAGs
[2026-02-22T13:44:59.465+0000] {logging_mixin.py:190} INFO - [2026-02-22T13:44:59.465+0000] {dag.py:4180} INFO - Setting next_dagrun for spark_elasticsearch_pipeline to None, run_after=None
[2026-02-22T13:44:59.478+0000] {processor.py:208} INFO - Processing /opt/airflow/dags/spark_elasticsearch_pipeline.py took 0.063 seconds
[2026-02-22T13:45:30.341+0000] {processor.py:186} INFO - Started process (PID=593) to work on /opt/airflow/dags/spark_elasticsearch_pipeline.py
[2026-02-22T13:45:30.341+0000] {processor.py:914} INFO - Processing file /opt/airflow/dags/spark_elasticsearch_pipeline.py for tasks to queue
[2026-02-22T13:45:30.343+0000] {logging_mixin.py:190} INFO - [2026-02-22T13:45:30.343+0000] {dagbag.py:588} INFO - Filling up the DagBag from /opt/airflow/dags/spark_elasticsearch_pipeline.py
[2026-02-22T13:45:30.356+0000] {processor.py:925} INFO - DAG(s) 'spark_elasticsearch_pipeline' retrieved from /opt/airflow/dags/spark_elasticsearch_pipeline.py
[2026-02-22T13:45:30.373+0000] {logging_mixin.py:190} INFO - [2026-02-22T13:45:30.372+0000] {dag.py:3239} INFO - Sync 1 DAGs
[2026-02-22T13:45:30.384+0000] {logging_mixin.py:190} INFO - [2026-02-22T13:45:30.384+0000] {dag.py:4180} INFO - Setting next_dagrun for spark_elasticsearch_pipeline to None, run_after=None
[2026-02-22T13:45:30.396+0000] {processor.py:208} INFO - Processing /opt/airflow/dags/spark_elasticsearch_pipeline.py took 0.060 seconds
[2026-02-22T13:46:00.815+0000] {processor.py:186} INFO - Started process (PID=604) to work on /opt/airflow/dags/spark_elasticsearch_pipeline.py
[2026-02-22T13:46:00.815+0000] {processor.py:914} INFO - Processing file /opt/airflow/dags/spark_elasticsearch_pipeline.py for tasks to queue
[2026-02-22T13:46:00.817+0000] {logging_mixin.py:190} INFO - [2026-02-22T13:46:00.817+0000] {dagbag.py:588} INFO - Filling up the DagBag from /opt/airflow/dags/spark_elasticsearch_pipeline.py
[2026-02-22T13:46:00.831+0000] {processor.py:925} INFO - DAG(s) 'spark_elasticsearch_pipeline' retrieved from /opt/airflow/dags/spark_elasticsearch_pipeline.py
[2026-02-22T13:46:00.851+0000] {logging_mixin.py:190} INFO - [2026-02-22T13:46:00.851+0000] {dag.py:3239} INFO - Sync 1 DAGs
[2026-02-22T13:46:00.862+0000] {logging_mixin.py:190} INFO - [2026-02-22T13:46:00.862+0000] {dag.py:4180} INFO - Setting next_dagrun for spark_elasticsearch_pipeline to None, run_after=None
[2026-02-22T13:46:00.878+0000] {processor.py:208} INFO - Processing /opt/airflow/dags/spark_elasticsearch_pipeline.py took 0.070 seconds
[2026-02-22T13:46:32.117+0000] {processor.py:186} INFO - Started process (PID=615) to work on /opt/airflow/dags/spark_elasticsearch_pipeline.py
[2026-02-22T13:46:32.117+0000] {processor.py:914} INFO - Processing file /opt/airflow/dags/spark_elasticsearch_pipeline.py for tasks to queue
[2026-02-22T13:46:32.120+0000] {logging_mixin.py:190} INFO - [2026-02-22T13:46:32.119+0000] {dagbag.py:588} INFO - Filling up the DagBag from /opt/airflow/dags/spark_elasticsearch_pipeline.py
[2026-02-22T13:46:32.137+0000] {processor.py:925} INFO - DAG(s) 'spark_elasticsearch_pipeline' retrieved from /opt/airflow/dags/spark_elasticsearch_pipeline.py
[2026-02-22T13:46:32.161+0000] {logging_mixin.py:190} INFO - [2026-02-22T13:46:32.160+0000] {dag.py:3239} INFO - Sync 1 DAGs
[2026-02-22T13:46:32.173+0000] {logging_mixin.py:190} INFO - [2026-02-22T13:46:32.173+0000] {dag.py:4180} INFO - Setting next_dagrun for spark_elasticsearch_pipeline to None, run_after=None
[2026-02-22T13:46:32.188+0000] {processor.py:208} INFO - Processing /opt/airflow/dags/spark_elasticsearch_pipeline.py took 0.076 seconds
[2026-02-22T13:47:02.268+0000] {processor.py:186} INFO - Started process (PID=626) to work on /opt/airflow/dags/spark_elasticsearch_pipeline.py
[2026-02-22T13:47:02.269+0000] {processor.py:914} INFO - Processing file /opt/airflow/dags/spark_elasticsearch_pipeline.py for tasks to queue
[2026-02-22T13:47:02.270+0000] {logging_mixin.py:190} INFO - [2026-02-22T13:47:02.270+0000] {dagbag.py:588} INFO - Filling up the DagBag from /opt/airflow/dags/spark_elasticsearch_pipeline.py
[2026-02-22T13:47:02.283+0000] {processor.py:925} INFO - DAG(s) 'spark_elasticsearch_pipeline' retrieved from /opt/airflow/dags/spark_elasticsearch_pipeline.py
[2026-02-22T13:47:02.304+0000] {logging_mixin.py:190} INFO - [2026-02-22T13:47:02.303+0000] {dag.py:3239} INFO - Sync 1 DAGs
[2026-02-22T13:47:02.314+0000] {logging_mixin.py:190} INFO - [2026-02-22T13:47:02.314+0000] {dag.py:4180} INFO - Setting next_dagrun for spark_elasticsearch_pipeline to None, run_after=None
[2026-02-22T13:47:02.326+0000] {processor.py:208} INFO - Processing /opt/airflow/dags/spark_elasticsearch_pipeline.py took 0.061 seconds
[2026-02-22T13:47:33.280+0000] {processor.py:186} INFO - Started process (PID=638) to work on /opt/airflow/dags/spark_elasticsearch_pipeline.py
[2026-02-22T13:47:33.281+0000] {processor.py:914} INFO - Processing file /opt/airflow/dags/spark_elasticsearch_pipeline.py for tasks to queue
[2026-02-22T13:47:33.282+0000] {logging_mixin.py:190} INFO - [2026-02-22T13:47:33.282+0000] {dagbag.py:588} INFO - Filling up the DagBag from /opt/airflow/dags/spark_elasticsearch_pipeline.py
[2026-02-22T13:47:33.295+0000] {processor.py:925} INFO - DAG(s) 'spark_elasticsearch_pipeline' retrieved from /opt/airflow/dags/spark_elasticsearch_pipeline.py
[2026-02-22T13:47:33.313+0000] {logging_mixin.py:190} INFO - [2026-02-22T13:47:33.313+0000] {dag.py:3239} INFO - Sync 1 DAGs
[2026-02-22T13:47:33.323+0000] {logging_mixin.py:190} INFO - [2026-02-22T13:47:33.322+0000] {dag.py:4180} INFO - Setting next_dagrun for spark_elasticsearch_pipeline to None, run_after=None
[2026-02-22T13:47:33.334+0000] {processor.py:208} INFO - Processing /opt/airflow/dags/spark_elasticsearch_pipeline.py took 0.060 seconds
[2026-02-22T13:48:04.751+0000] {processor.py:186} INFO - Started process (PID=649) to work on /opt/airflow/dags/spark_elasticsearch_pipeline.py
[2026-02-22T13:48:04.751+0000] {processor.py:914} INFO - Processing file /opt/airflow/dags/spark_elasticsearch_pipeline.py for tasks to queue
[2026-02-22T13:48:04.753+0000] {logging_mixin.py:190} INFO - [2026-02-22T13:48:04.753+0000] {dagbag.py:588} INFO - Filling up the DagBag from /opt/airflow/dags/spark_elasticsearch_pipeline.py
[2026-02-22T13:48:04.766+0000] {processor.py:925} INFO - DAG(s) 'spark_elasticsearch_pipeline' retrieved from /opt/airflow/dags/spark_elasticsearch_pipeline.py
[2026-02-22T13:48:04.782+0000] {logging_mixin.py:190} INFO - [2026-02-22T13:48:04.782+0000] {dag.py:3239} INFO - Sync 1 DAGs
[2026-02-22T13:48:04.792+0000] {logging_mixin.py:190} INFO - [2026-02-22T13:48:04.792+0000] {dag.py:4180} INFO - Setting next_dagrun for spark_elasticsearch_pipeline to None, run_after=None
[2026-02-22T13:48:04.803+0000] {processor.py:208} INFO - Processing /opt/airflow/dags/spark_elasticsearch_pipeline.py took 0.056 seconds
[2026-02-22T13:48:36.903+0000] {processor.py:186} INFO - Started process (PID=660) to work on /opt/airflow/dags/spark_elasticsearch_pipeline.py
[2026-02-22T13:48:36.904+0000] {processor.py:914} INFO - Processing file /opt/airflow/dags/spark_elasticsearch_pipeline.py for tasks to queue
[2026-02-22T13:48:36.907+0000] {logging_mixin.py:190} INFO - [2026-02-22T13:48:36.906+0000] {dagbag.py:588} INFO - Filling up the DagBag from /opt/airflow/dags/spark_elasticsearch_pipeline.py
[2026-02-22T13:48:36.921+0000] {processor.py:925} INFO - DAG(s) 'spark_elasticsearch_pipeline' retrieved from /opt/airflow/dags/spark_elasticsearch_pipeline.py
[2026-02-22T13:48:36.940+0000] {logging_mixin.py:190} INFO - [2026-02-22T13:48:36.940+0000] {dag.py:3239} INFO - Sync 1 DAGs
[2026-02-22T13:48:36.951+0000] {logging_mixin.py:190} INFO - [2026-02-22T13:48:36.950+0000] {dag.py:4180} INFO - Setting next_dagrun for spark_elasticsearch_pipeline to None, run_after=None
[2026-02-22T13:48:36.966+0000] {processor.py:208} INFO - Processing /opt/airflow/dags/spark_elasticsearch_pipeline.py took 0.067 seconds
[2026-02-22T13:49:10.091+0000] {processor.py:186} INFO - Started process (PID=672) to work on /opt/airflow/dags/spark_elasticsearch_pipeline.py
[2026-02-22T13:49:10.091+0000] {processor.py:914} INFO - Processing file /opt/airflow/dags/spark_elasticsearch_pipeline.py for tasks to queue
[2026-02-22T13:49:10.093+0000] {logging_mixin.py:190} INFO - [2026-02-22T13:49:10.093+0000] {dagbag.py:588} INFO - Filling up the DagBag from /opt/airflow/dags/spark_elasticsearch_pipeline.py
[2026-02-22T13:49:10.106+0000] {processor.py:925} INFO - DAG(s) 'spark_elasticsearch_pipeline' retrieved from /opt/airflow/dags/spark_elasticsearch_pipeline.py
[2026-02-22T13:49:10.122+0000] {logging_mixin.py:190} INFO - [2026-02-22T13:49:10.121+0000] {dag.py:3239} INFO - Sync 1 DAGs
[2026-02-22T13:49:10.130+0000] {logging_mixin.py:190} INFO - [2026-02-22T13:49:10.130+0000] {dag.py:4180} INFO - Setting next_dagrun for spark_elasticsearch_pipeline to None, run_after=None
[2026-02-22T13:49:10.143+0000] {processor.py:208} INFO - Processing /opt/airflow/dags/spark_elasticsearch_pipeline.py took 0.056 seconds
[2026-02-22T13:49:42.223+0000] {processor.py:186} INFO - Started process (PID=683) to work on /opt/airflow/dags/spark_elasticsearch_pipeline.py
[2026-02-22T13:49:42.223+0000] {processor.py:914} INFO - Processing file /opt/airflow/dags/spark_elasticsearch_pipeline.py for tasks to queue
[2026-02-22T13:49:42.225+0000] {logging_mixin.py:190} INFO - [2026-02-22T13:49:42.225+0000] {dagbag.py:588} INFO - Filling up the DagBag from /opt/airflow/dags/spark_elasticsearch_pipeline.py
[2026-02-22T13:49:42.238+0000] {processor.py:925} INFO - DAG(s) 'spark_elasticsearch_pipeline' retrieved from /opt/airflow/dags/spark_elasticsearch_pipeline.py
[2026-02-22T13:49:42.255+0000] {logging_mixin.py:190} INFO - [2026-02-22T13:49:42.255+0000] {dag.py:3239} INFO - Sync 1 DAGs
[2026-02-22T13:49:42.264+0000] {logging_mixin.py:190} INFO - [2026-02-22T13:49:42.264+0000] {dag.py:4180} INFO - Setting next_dagrun for spark_elasticsearch_pipeline to None, run_after=None
[2026-02-22T13:49:42.276+0000] {processor.py:208} INFO - Processing /opt/airflow/dags/spark_elasticsearch_pipeline.py took 0.059 seconds
[2026-02-22T13:50:13.669+0000] {processor.py:186} INFO - Started process (PID=694) to work on /opt/airflow/dags/spark_elasticsearch_pipeline.py
[2026-02-22T13:50:13.670+0000] {processor.py:914} INFO - Processing file /opt/airflow/dags/spark_elasticsearch_pipeline.py for tasks to queue
[2026-02-22T13:50:13.672+0000] {logging_mixin.py:190} INFO - [2026-02-22T13:50:13.671+0000] {dagbag.py:588} INFO - Filling up the DagBag from /opt/airflow/dags/spark_elasticsearch_pipeline.py
[2026-02-22T13:50:13.686+0000] {processor.py:925} INFO - DAG(s) 'spark_elasticsearch_pipeline' retrieved from /opt/airflow/dags/spark_elasticsearch_pipeline.py
[2026-02-22T13:50:13.704+0000] {logging_mixin.py:190} INFO - [2026-02-22T13:50:13.704+0000] {dag.py:3239} INFO - Sync 1 DAGs
[2026-02-22T13:50:13.715+0000] {logging_mixin.py:190} INFO - [2026-02-22T13:50:13.715+0000] {dag.py:4180} INFO - Setting next_dagrun for spark_elasticsearch_pipeline to None, run_after=None
[2026-02-22T13:50:13.728+0000] {processor.py:208} INFO - Processing /opt/airflow/dags/spark_elasticsearch_pipeline.py took 0.063 seconds
[2026-02-22T13:50:43.924+0000] {processor.py:186} INFO - Started process (PID=705) to work on /opt/airflow/dags/spark_elasticsearch_pipeline.py
[2026-02-22T13:50:43.925+0000] {processor.py:914} INFO - Processing file /opt/airflow/dags/spark_elasticsearch_pipeline.py for tasks to queue
[2026-02-22T13:50:43.927+0000] {logging_mixin.py:190} INFO - [2026-02-22T13:50:43.927+0000] {dagbag.py:588} INFO - Filling up the DagBag from /opt/airflow/dags/spark_elasticsearch_pipeline.py
[2026-02-22T13:50:43.941+0000] {processor.py:925} INFO - DAG(s) 'spark_elasticsearch_pipeline' retrieved from /opt/airflow/dags/spark_elasticsearch_pipeline.py
[2026-02-22T13:50:43.958+0000] {logging_mixin.py:190} INFO - [2026-02-22T13:50:43.958+0000] {dag.py:3239} INFO - Sync 1 DAGs
[2026-02-22T13:50:43.968+0000] {logging_mixin.py:190} INFO - [2026-02-22T13:50:43.968+0000] {dag.py:4180} INFO - Setting next_dagrun for spark_elasticsearch_pipeline to None, run_after=None
[2026-02-22T13:50:43.980+0000] {processor.py:208} INFO - Processing /opt/airflow/dags/spark_elasticsearch_pipeline.py took 0.059 seconds
[2026-02-22T13:51:15.039+0000] {processor.py:186} INFO - Started process (PID=716) to work on /opt/airflow/dags/spark_elasticsearch_pipeline.py
[2026-02-22T13:51:15.040+0000] {processor.py:914} INFO - Processing file /opt/airflow/dags/spark_elasticsearch_pipeline.py for tasks to queue
[2026-02-22T13:51:15.041+0000] {logging_mixin.py:190} INFO - [2026-02-22T13:51:15.041+0000] {dagbag.py:588} INFO - Filling up the DagBag from /opt/airflow/dags/spark_elasticsearch_pipeline.py
[2026-02-22T13:51:15.055+0000] {processor.py:925} INFO - DAG(s) 'spark_elasticsearch_pipeline' retrieved from /opt/airflow/dags/spark_elasticsearch_pipeline.py
[2026-02-22T13:51:15.073+0000] {logging_mixin.py:190} INFO - [2026-02-22T13:51:15.073+0000] {dag.py:3239} INFO - Sync 1 DAGs
[2026-02-22T13:51:15.084+0000] {logging_mixin.py:190} INFO - [2026-02-22T13:51:15.083+0000] {dag.py:4180} INFO - Setting next_dagrun for spark_elasticsearch_pipeline to None, run_after=None
[2026-02-22T13:51:15.098+0000] {processor.py:208} INFO - Processing /opt/airflow/dags/spark_elasticsearch_pipeline.py took 0.062 seconds
[2026-02-22T13:51:45.682+0000] {processor.py:186} INFO - Started process (PID=727) to work on /opt/airflow/dags/spark_elasticsearch_pipeline.py
[2026-02-22T13:51:45.683+0000] {processor.py:914} INFO - Processing file /opt/airflow/dags/spark_elasticsearch_pipeline.py for tasks to queue
[2026-02-22T13:51:45.684+0000] {logging_mixin.py:190} INFO - [2026-02-22T13:51:45.684+0000] {dagbag.py:588} INFO - Filling up the DagBag from /opt/airflow/dags/spark_elasticsearch_pipeline.py
[2026-02-22T13:51:45.698+0000] {processor.py:925} INFO - DAG(s) 'spark_elasticsearch_pipeline' retrieved from /opt/airflow/dags/spark_elasticsearch_pipeline.py
[2026-02-22T13:51:45.716+0000] {logging_mixin.py:190} INFO - [2026-02-22T13:51:45.715+0000] {dag.py:3239} INFO - Sync 1 DAGs
[2026-02-22T13:51:45.725+0000] {logging_mixin.py:190} INFO - [2026-02-22T13:51:45.725+0000] {dag.py:4180} INFO - Setting next_dagrun for spark_elasticsearch_pipeline to None, run_after=None
[2026-02-22T13:51:45.737+0000] {processor.py:208} INFO - Processing /opt/airflow/dags/spark_elasticsearch_pipeline.py took 0.060 seconds
[2026-02-22T13:52:17.175+0000] {processor.py:186} INFO - Started process (PID=738) to work on /opt/airflow/dags/spark_elasticsearch_pipeline.py
[2026-02-22T13:52:17.177+0000] {processor.py:914} INFO - Processing file /opt/airflow/dags/spark_elasticsearch_pipeline.py for tasks to queue
[2026-02-22T13:52:17.179+0000] {logging_mixin.py:190} INFO - [2026-02-22T13:52:17.179+0000] {dagbag.py:588} INFO - Filling up the DagBag from /opt/airflow/dags/spark_elasticsearch_pipeline.py
[2026-02-22T13:52:17.192+0000] {processor.py:925} INFO - DAG(s) 'spark_elasticsearch_pipeline' retrieved from /opt/airflow/dags/spark_elasticsearch_pipeline.py
[2026-02-22T13:52:17.212+0000] {logging_mixin.py:190} INFO - [2026-02-22T13:52:17.212+0000] {dag.py:3239} INFO - Sync 1 DAGs
[2026-02-22T13:52:17.222+0000] {logging_mixin.py:190} INFO - [2026-02-22T13:52:17.222+0000] {dag.py:4180} INFO - Setting next_dagrun for spark_elasticsearch_pipeline to None, run_after=None
[2026-02-22T13:52:17.234+0000] {processor.py:208} INFO - Processing /opt/airflow/dags/spark_elasticsearch_pipeline.py took 0.064 seconds
[2026-02-22T13:52:47.455+0000] {processor.py:186} INFO - Started process (PID=749) to work on /opt/airflow/dags/spark_elasticsearch_pipeline.py
[2026-02-22T13:52:47.455+0000] {processor.py:914} INFO - Processing file /opt/airflow/dags/spark_elasticsearch_pipeline.py for tasks to queue
[2026-02-22T13:52:47.458+0000] {logging_mixin.py:190} INFO - [2026-02-22T13:52:47.457+0000] {dagbag.py:588} INFO - Filling up the DagBag from /opt/airflow/dags/spark_elasticsearch_pipeline.py
[2026-02-22T13:52:47.471+0000] {processor.py:925} INFO - DAG(s) 'spark_elasticsearch_pipeline' retrieved from /opt/airflow/dags/spark_elasticsearch_pipeline.py
[2026-02-22T13:52:47.488+0000] {logging_mixin.py:190} INFO - [2026-02-22T13:52:47.488+0000] {dag.py:3239} INFO - Sync 1 DAGs
[2026-02-22T13:52:47.497+0000] {logging_mixin.py:190} INFO - [2026-02-22T13:52:47.497+0000] {dag.py:4180} INFO - Setting next_dagrun for spark_elasticsearch_pipeline to None, run_after=None
[2026-02-22T13:52:47.509+0000] {processor.py:208} INFO - Processing /opt/airflow/dags/spark_elasticsearch_pipeline.py took 0.059 seconds
[2026-02-22T13:53:18.540+0000] {processor.py:186} INFO - Started process (PID=760) to work on /opt/airflow/dags/spark_elasticsearch_pipeline.py
[2026-02-22T13:53:18.541+0000] {processor.py:914} INFO - Processing file /opt/airflow/dags/spark_elasticsearch_pipeline.py for tasks to queue
[2026-02-22T13:53:18.543+0000] {logging_mixin.py:190} INFO - [2026-02-22T13:53:18.543+0000] {dagbag.py:588} INFO - Filling up the DagBag from /opt/airflow/dags/spark_elasticsearch_pipeline.py
[2026-02-22T13:53:18.555+0000] {processor.py:925} INFO - DAG(s) 'spark_elasticsearch_pipeline' retrieved from /opt/airflow/dags/spark_elasticsearch_pipeline.py
[2026-02-22T13:53:18.570+0000] {logging_mixin.py:190} INFO - [2026-02-22T13:53:18.570+0000] {dag.py:3239} INFO - Sync 1 DAGs
[2026-02-22T13:53:18.578+0000] {logging_mixin.py:190} INFO - [2026-02-22T13:53:18.578+0000] {dag.py:4180} INFO - Setting next_dagrun for spark_elasticsearch_pipeline to None, run_after=None
[2026-02-22T13:53:18.589+0000] {processor.py:208} INFO - Processing /opt/airflow/dags/spark_elasticsearch_pipeline.py took 0.052 seconds
[2026-02-22T13:53:51.698+0000] {processor.py:186} INFO - Started process (PID=771) to work on /opt/airflow/dags/spark_elasticsearch_pipeline.py
[2026-02-22T13:53:51.699+0000] {processor.py:914} INFO - Processing file /opt/airflow/dags/spark_elasticsearch_pipeline.py for tasks to queue
[2026-02-22T13:53:51.700+0000] {logging_mixin.py:190} INFO - [2026-02-22T13:53:51.700+0000] {dagbag.py:588} INFO - Filling up the DagBag from /opt/airflow/dags/spark_elasticsearch_pipeline.py
[2026-02-22T13:53:51.716+0000] {processor.py:925} INFO - DAG(s) 'spark_elasticsearch_pipeline' retrieved from /opt/airflow/dags/spark_elasticsearch_pipeline.py
[2026-02-22T13:53:51.732+0000] {logging_mixin.py:190} INFO - [2026-02-22T13:53:51.732+0000] {dag.py:3239} INFO - Sync 1 DAGs
[2026-02-22T13:53:51.742+0000] {logging_mixin.py:190} INFO - [2026-02-22T13:53:51.742+0000] {dag.py:4180} INFO - Setting next_dagrun for spark_elasticsearch_pipeline to None, run_after=None
[2026-02-22T13:53:51.755+0000] {processor.py:208} INFO - Processing /opt/airflow/dags/spark_elasticsearch_pipeline.py took 0.060 seconds
[2026-02-22T13:54:23.827+0000] {processor.py:186} INFO - Started process (PID=782) to work on /opt/airflow/dags/spark_elasticsearch_pipeline.py
[2026-02-22T13:54:23.828+0000] {processor.py:914} INFO - Processing file /opt/airflow/dags/spark_elasticsearch_pipeline.py for tasks to queue
[2026-02-22T13:54:23.830+0000] {logging_mixin.py:190} INFO - [2026-02-22T13:54:23.830+0000] {dagbag.py:588} INFO - Filling up the DagBag from /opt/airflow/dags/spark_elasticsearch_pipeline.py
[2026-02-22T13:54:23.846+0000] {processor.py:925} INFO - DAG(s) 'spark_elasticsearch_pipeline' retrieved from /opt/airflow/dags/spark_elasticsearch_pipeline.py
[2026-02-22T13:54:23.866+0000] {logging_mixin.py:190} INFO - [2026-02-22T13:54:23.866+0000] {dag.py:3239} INFO - Sync 1 DAGs
[2026-02-22T13:54:23.876+0000] {logging_mixin.py:190} INFO - [2026-02-22T13:54:23.876+0000] {dag.py:4180} INFO - Setting next_dagrun for spark_elasticsearch_pipeline to None, run_after=None
[2026-02-22T13:54:23.889+0000] {processor.py:208} INFO - Processing /opt/airflow/dags/spark_elasticsearch_pipeline.py took 0.068 seconds
[2026-02-22T13:54:55.120+0000] {processor.py:186} INFO - Started process (PID=793) to work on /opt/airflow/dags/spark_elasticsearch_pipeline.py
[2026-02-22T13:54:55.121+0000] {processor.py:914} INFO - Processing file /opt/airflow/dags/spark_elasticsearch_pipeline.py for tasks to queue
[2026-02-22T13:54:55.125+0000] {logging_mixin.py:190} INFO - [2026-02-22T13:54:55.125+0000] {dagbag.py:588} INFO - Filling up the DagBag from /opt/airflow/dags/spark_elasticsearch_pipeline.py
[2026-02-22T13:54:55.142+0000] {processor.py:925} INFO - DAG(s) 'spark_elasticsearch_pipeline' retrieved from /opt/airflow/dags/spark_elasticsearch_pipeline.py
[2026-02-22T13:54:55.161+0000] {logging_mixin.py:190} INFO - [2026-02-22T13:54:55.161+0000] {dag.py:3239} INFO - Sync 1 DAGs
[2026-02-22T13:54:55.172+0000] {logging_mixin.py:190} INFO - [2026-02-22T13:54:55.172+0000] {dag.py:4180} INFO - Setting next_dagrun for spark_elasticsearch_pipeline to None, run_after=None
[2026-02-22T13:54:55.186+0000] {processor.py:208} INFO - Processing /opt/airflow/dags/spark_elasticsearch_pipeline.py took 0.070 seconds
[2026-02-22T13:55:26.204+0000] {processor.py:186} INFO - Started process (PID=804) to work on /opt/airflow/dags/spark_elasticsearch_pipeline.py
[2026-02-22T13:55:26.204+0000] {processor.py:914} INFO - Processing file /opt/airflow/dags/spark_elasticsearch_pipeline.py for tasks to queue
[2026-02-22T13:55:26.206+0000] {logging_mixin.py:190} INFO - [2026-02-22T13:55:26.206+0000] {dagbag.py:588} INFO - Filling up the DagBag from /opt/airflow/dags/spark_elasticsearch_pipeline.py
[2026-02-22T13:55:26.219+0000] {processor.py:925} INFO - DAG(s) 'spark_elasticsearch_pipeline' retrieved from /opt/airflow/dags/spark_elasticsearch_pipeline.py
[2026-02-22T13:55:26.237+0000] {logging_mixin.py:190} INFO - [2026-02-22T13:55:26.236+0000] {dag.py:3239} INFO - Sync 1 DAGs
[2026-02-22T13:55:26.251+0000] {logging_mixin.py:190} INFO - [2026-02-22T13:55:26.251+0000] {dag.py:4180} INFO - Setting next_dagrun for spark_elasticsearch_pipeline to None, run_after=None
[2026-02-22T13:55:26.263+0000] {processor.py:208} INFO - Processing /opt/airflow/dags/spark_elasticsearch_pipeline.py took 0.067 seconds
[2026-02-22T13:55:56.810+0000] {processor.py:186} INFO - Started process (PID=815) to work on /opt/airflow/dags/spark_elasticsearch_pipeline.py
[2026-02-22T13:55:56.811+0000] {processor.py:914} INFO - Processing file /opt/airflow/dags/spark_elasticsearch_pipeline.py for tasks to queue
[2026-02-22T13:55:56.813+0000] {logging_mixin.py:190} INFO - [2026-02-22T13:55:56.812+0000] {dagbag.py:588} INFO - Filling up the DagBag from /opt/airflow/dags/spark_elasticsearch_pipeline.py
[2026-02-22T13:55:56.826+0000] {processor.py:925} INFO - DAG(s) 'spark_elasticsearch_pipeline' retrieved from /opt/airflow/dags/spark_elasticsearch_pipeline.py
[2026-02-22T13:55:56.845+0000] {logging_mixin.py:190} INFO - [2026-02-22T13:55:56.845+0000] {dag.py:3239} INFO - Sync 1 DAGs
[2026-02-22T13:55:56.858+0000] {logging_mixin.py:190} INFO - [2026-02-22T13:55:56.858+0000] {dag.py:4180} INFO - Setting next_dagrun for spark_elasticsearch_pipeline to None, run_after=None
[2026-02-22T13:55:56.875+0000] {processor.py:208} INFO - Processing /opt/airflow/dags/spark_elasticsearch_pipeline.py took 0.069 seconds
[2026-02-22T13:56:27.259+0000] {processor.py:186} INFO - Started process (PID=826) to work on /opt/airflow/dags/spark_elasticsearch_pipeline.py
[2026-02-22T13:56:27.261+0000] {processor.py:914} INFO - Processing file /opt/airflow/dags/spark_elasticsearch_pipeline.py for tasks to queue
[2026-02-22T13:56:27.265+0000] {logging_mixin.py:190} INFO - [2026-02-22T13:56:27.265+0000] {dagbag.py:588} INFO - Filling up the DagBag from /opt/airflow/dags/spark_elasticsearch_pipeline.py
[2026-02-22T13:56:27.278+0000] {processor.py:925} INFO - DAG(s) 'spark_elasticsearch_pipeline' retrieved from /opt/airflow/dags/spark_elasticsearch_pipeline.py
[2026-02-22T13:56:27.294+0000] {logging_mixin.py:190} INFO - [2026-02-22T13:56:27.294+0000] {dag.py:3239} INFO - Sync 1 DAGs
[2026-02-22T13:56:27.304+0000] {logging_mixin.py:190} INFO - [2026-02-22T13:56:27.304+0000] {dag.py:4180} INFO - Setting next_dagrun for spark_elasticsearch_pipeline to None, run_after=None
[2026-02-22T13:56:27.316+0000] {processor.py:208} INFO - Processing /opt/airflow/dags/spark_elasticsearch_pipeline.py took 0.061 seconds
[2026-02-22T13:56:58.507+0000] {processor.py:186} INFO - Started process (PID=837) to work on /opt/airflow/dags/spark_elasticsearch_pipeline.py
[2026-02-22T13:56:58.508+0000] {processor.py:914} INFO - Processing file /opt/airflow/dags/spark_elasticsearch_pipeline.py for tasks to queue
[2026-02-22T13:56:58.511+0000] {logging_mixin.py:190} INFO - [2026-02-22T13:56:58.510+0000] {dagbag.py:588} INFO - Filling up the DagBag from /opt/airflow/dags/spark_elasticsearch_pipeline.py
[2026-02-22T13:56:58.524+0000] {processor.py:925} INFO - DAG(s) 'spark_elasticsearch_pipeline' retrieved from /opt/airflow/dags/spark_elasticsearch_pipeline.py
[2026-02-22T13:56:58.548+0000] {logging_mixin.py:190} INFO - [2026-02-22T13:56:58.548+0000] {dag.py:3239} INFO - Sync 1 DAGs
[2026-02-22T13:56:58.559+0000] {logging_mixin.py:190} INFO - [2026-02-22T13:56:58.559+0000] {dag.py:4180} INFO - Setting next_dagrun for spark_elasticsearch_pipeline to None, run_after=None
[2026-02-22T13:56:58.572+0000] {processor.py:208} INFO - Processing /opt/airflow/dags/spark_elasticsearch_pipeline.py took 0.070 seconds
[2026-02-22T13:57:28.648+0000] {processor.py:186} INFO - Started process (PID=848) to work on /opt/airflow/dags/spark_elasticsearch_pipeline.py
[2026-02-22T13:57:28.649+0000] {processor.py:914} INFO - Processing file /opt/airflow/dags/spark_elasticsearch_pipeline.py for tasks to queue
[2026-02-22T13:57:28.652+0000] {logging_mixin.py:190} INFO - [2026-02-22T13:57:28.652+0000] {dagbag.py:588} INFO - Filling up the DagBag from /opt/airflow/dags/spark_elasticsearch_pipeline.py
[2026-02-22T13:57:28.666+0000] {processor.py:925} INFO - DAG(s) 'spark_elasticsearch_pipeline' retrieved from /opt/airflow/dags/spark_elasticsearch_pipeline.py
[2026-02-22T13:57:28.683+0000] {logging_mixin.py:190} INFO - [2026-02-22T13:57:28.683+0000] {dag.py:3239} INFO - Sync 1 DAGs
[2026-02-22T13:57:28.693+0000] {logging_mixin.py:190} INFO - [2026-02-22T13:57:28.693+0000] {dag.py:4180} INFO - Setting next_dagrun for spark_elasticsearch_pipeline to None, run_after=None
[2026-02-22T13:57:28.706+0000] {processor.py:208} INFO - Processing /opt/airflow/dags/spark_elasticsearch_pipeline.py took 0.064 seconds
[2026-02-22T13:58:00.300+0000] {processor.py:186} INFO - Started process (PID=859) to work on /opt/airflow/dags/spark_elasticsearch_pipeline.py
[2026-02-22T13:58:00.300+0000] {processor.py:914} INFO - Processing file /opt/airflow/dags/spark_elasticsearch_pipeline.py for tasks to queue
[2026-02-22T13:58:00.302+0000] {logging_mixin.py:190} INFO - [2026-02-22T13:58:00.302+0000] {dagbag.py:588} INFO - Filling up the DagBag from /opt/airflow/dags/spark_elasticsearch_pipeline.py
[2026-02-22T13:58:00.316+0000] {processor.py:925} INFO - DAG(s) 'spark_elasticsearch_pipeline' retrieved from /opt/airflow/dags/spark_elasticsearch_pipeline.py
[2026-02-22T13:58:00.333+0000] {logging_mixin.py:190} INFO - [2026-02-22T13:58:00.333+0000] {dag.py:3239} INFO - Sync 1 DAGs
[2026-02-22T13:58:00.343+0000] {logging_mixin.py:190} INFO - [2026-02-22T13:58:00.342+0000] {dag.py:4180} INFO - Setting next_dagrun for spark_elasticsearch_pipeline to None, run_after=None
[2026-02-22T13:58:00.354+0000] {processor.py:208} INFO - Processing /opt/airflow/dags/spark_elasticsearch_pipeline.py took 0.061 seconds
[2026-02-22T13:58:32.451+0000] {processor.py:186} INFO - Started process (PID=870) to work on /opt/airflow/dags/spark_elasticsearch_pipeline.py
[2026-02-22T13:58:32.452+0000] {processor.py:914} INFO - Processing file /opt/airflow/dags/spark_elasticsearch_pipeline.py for tasks to queue
[2026-02-22T13:58:32.454+0000] {logging_mixin.py:190} INFO - [2026-02-22T13:58:32.453+0000] {dagbag.py:588} INFO - Filling up the DagBag from /opt/airflow/dags/spark_elasticsearch_pipeline.py
[2026-02-22T13:58:32.467+0000] {processor.py:925} INFO - DAG(s) 'spark_elasticsearch_pipeline' retrieved from /opt/airflow/dags/spark_elasticsearch_pipeline.py
[2026-02-22T13:58:32.484+0000] {logging_mixin.py:190} INFO - [2026-02-22T13:58:32.484+0000] {dag.py:3239} INFO - Sync 1 DAGs
[2026-02-22T13:58:32.493+0000] {logging_mixin.py:190} INFO - [2026-02-22T13:58:32.493+0000] {dag.py:4180} INFO - Setting next_dagrun for spark_elasticsearch_pipeline to None, run_after=None
[2026-02-22T13:58:32.510+0000] {processor.py:208} INFO - Processing /opt/airflow/dags/spark_elasticsearch_pipeline.py took 0.062 seconds
[2026-02-22T13:59:05.605+0000] {processor.py:186} INFO - Started process (PID=881) to work on /opt/airflow/dags/spark_elasticsearch_pipeline.py
[2026-02-22T13:59:05.606+0000] {processor.py:914} INFO - Processing file /opt/airflow/dags/spark_elasticsearch_pipeline.py for tasks to queue
[2026-02-22T13:59:05.609+0000] {logging_mixin.py:190} INFO - [2026-02-22T13:59:05.608+0000] {dagbag.py:588} INFO - Filling up the DagBag from /opt/airflow/dags/spark_elasticsearch_pipeline.py
[2026-02-22T13:59:05.622+0000] {processor.py:925} INFO - DAG(s) 'spark_elasticsearch_pipeline' retrieved from /opt/airflow/dags/spark_elasticsearch_pipeline.py
[2026-02-22T13:59:05.641+0000] {logging_mixin.py:190} INFO - [2026-02-22T13:59:05.641+0000] {dag.py:3239} INFO - Sync 1 DAGs
[2026-02-22T13:59:05.652+0000] {logging_mixin.py:190} INFO - [2026-02-22T13:59:05.652+0000] {dag.py:4180} INFO - Setting next_dagrun for spark_elasticsearch_pipeline to None, run_after=None
[2026-02-22T13:59:05.665+0000] {processor.py:208} INFO - Processing /opt/airflow/dags/spark_elasticsearch_pipeline.py took 0.064 seconds
[2026-02-22T13:59:36.663+0000] {processor.py:186} INFO - Started process (PID=892) to work on /opt/airflow/dags/spark_elasticsearch_pipeline.py
[2026-02-22T13:59:36.664+0000] {processor.py:914} INFO - Processing file /opt/airflow/dags/spark_elasticsearch_pipeline.py for tasks to queue
[2026-02-22T13:59:36.665+0000] {logging_mixin.py:190} INFO - [2026-02-22T13:59:36.665+0000] {dagbag.py:588} INFO - Filling up the DagBag from /opt/airflow/dags/spark_elasticsearch_pipeline.py
[2026-02-22T13:59:36.680+0000] {processor.py:925} INFO - DAG(s) 'spark_elasticsearch_pipeline' retrieved from /opt/airflow/dags/spark_elasticsearch_pipeline.py
[2026-02-22T13:59:36.698+0000] {logging_mixin.py:190} INFO - [2026-02-22T13:59:36.698+0000] {dag.py:3239} INFO - Sync 1 DAGs
[2026-02-22T13:59:36.708+0000] {logging_mixin.py:190} INFO - [2026-02-22T13:59:36.708+0000] {dag.py:4180} INFO - Setting next_dagrun for spark_elasticsearch_pipeline to None, run_after=None
[2026-02-22T13:59:36.721+0000] {processor.py:208} INFO - Processing /opt/airflow/dags/spark_elasticsearch_pipeline.py took 0.063 seconds
[2026-02-22T14:00:07.242+0000] {processor.py:186} INFO - Started process (PID=903) to work on /opt/airflow/dags/spark_elasticsearch_pipeline.py
[2026-02-22T14:00:07.243+0000] {processor.py:914} INFO - Processing file /opt/airflow/dags/spark_elasticsearch_pipeline.py for tasks to queue
[2026-02-22T14:00:07.245+0000] {logging_mixin.py:190} INFO - [2026-02-22T14:00:07.245+0000] {dagbag.py:588} INFO - Filling up the DagBag from /opt/airflow/dags/spark_elasticsearch_pipeline.py
[2026-02-22T14:00:07.259+0000] {processor.py:925} INFO - DAG(s) 'spark_elasticsearch_pipeline' retrieved from /opt/airflow/dags/spark_elasticsearch_pipeline.py
[2026-02-22T14:00:07.279+0000] {logging_mixin.py:190} INFO - [2026-02-22T14:00:07.279+0000] {dag.py:3239} INFO - Sync 1 DAGs
[2026-02-22T14:00:07.289+0000] {logging_mixin.py:190} INFO - [2026-02-22T14:00:07.289+0000] {dag.py:4180} INFO - Setting next_dagrun for spark_elasticsearch_pipeline to None, run_after=None
[2026-02-22T14:00:07.301+0000] {processor.py:208} INFO - Processing /opt/airflow/dags/spark_elasticsearch_pipeline.py took 0.062 seconds
[2026-02-22T14:00:38.651+0000] {processor.py:186} INFO - Started process (PID=914) to work on /opt/airflow/dags/spark_elasticsearch_pipeline.py
[2026-02-22T14:00:38.653+0000] {processor.py:914} INFO - Processing file /opt/airflow/dags/spark_elasticsearch_pipeline.py for tasks to queue
[2026-02-22T14:00:38.654+0000] {logging_mixin.py:190} INFO - [2026-02-22T14:00:38.654+0000] {dagbag.py:588} INFO - Filling up the DagBag from /opt/airflow/dags/spark_elasticsearch_pipeline.py
[2026-02-22T14:00:38.668+0000] {processor.py:925} INFO - DAG(s) 'spark_elasticsearch_pipeline' retrieved from /opt/airflow/dags/spark_elasticsearch_pipeline.py
[2026-02-22T14:00:38.689+0000] {logging_mixin.py:190} INFO - [2026-02-22T14:00:38.688+0000] {dag.py:3239} INFO - Sync 1 DAGs
[2026-02-22T14:00:38.700+0000] {logging_mixin.py:190} INFO - [2026-02-22T14:00:38.699+0000] {dag.py:4180} INFO - Setting next_dagrun for spark_elasticsearch_pipeline to None, run_after=None
[2026-02-22T14:00:38.712+0000] {processor.py:208} INFO - Processing /opt/airflow/dags/spark_elasticsearch_pipeline.py took 0.065 seconds
[2026-02-22T14:01:08.876+0000] {processor.py:186} INFO - Started process (PID=925) to work on /opt/airflow/dags/spark_elasticsearch_pipeline.py
[2026-02-22T14:01:08.876+0000] {processor.py:914} INFO - Processing file /opt/airflow/dags/spark_elasticsearch_pipeline.py for tasks to queue
[2026-02-22T14:01:08.878+0000] {logging_mixin.py:190} INFO - [2026-02-22T14:01:08.877+0000] {dagbag.py:588} INFO - Filling up the DagBag from /opt/airflow/dags/spark_elasticsearch_pipeline.py
[2026-02-22T14:01:08.892+0000] {processor.py:925} INFO - DAG(s) 'spark_elasticsearch_pipeline' retrieved from /opt/airflow/dags/spark_elasticsearch_pipeline.py
[2026-02-22T14:01:08.909+0000] {logging_mixin.py:190} INFO - [2026-02-22T14:01:08.909+0000] {dag.py:3239} INFO - Sync 1 DAGs
[2026-02-22T14:01:08.919+0000] {logging_mixin.py:190} INFO - [2026-02-22T14:01:08.918+0000] {dag.py:4180} INFO - Setting next_dagrun for spark_elasticsearch_pipeline to None, run_after=None
[2026-02-22T14:01:08.931+0000] {processor.py:208} INFO - Processing /opt/airflow/dags/spark_elasticsearch_pipeline.py took 0.061 seconds
[2026-02-22T14:01:39.935+0000] {processor.py:186} INFO - Started process (PID=937) to work on /opt/airflow/dags/spark_elasticsearch_pipeline.py
[2026-02-22T14:01:39.936+0000] {processor.py:914} INFO - Processing file /opt/airflow/dags/spark_elasticsearch_pipeline.py for tasks to queue
[2026-02-22T14:01:39.938+0000] {logging_mixin.py:190} INFO - [2026-02-22T14:01:39.938+0000] {dagbag.py:588} INFO - Filling up the DagBag from /opt/airflow/dags/spark_elasticsearch_pipeline.py
[2026-02-22T14:01:39.951+0000] {processor.py:925} INFO - DAG(s) 'spark_elasticsearch_pipeline' retrieved from /opt/airflow/dags/spark_elasticsearch_pipeline.py
[2026-02-22T14:01:39.970+0000] {logging_mixin.py:190} INFO - [2026-02-22T14:01:39.970+0000] {dag.py:3239} INFO - Sync 1 DAGs
[2026-02-22T14:01:39.981+0000] {logging_mixin.py:190} INFO - [2026-02-22T14:01:39.980+0000] {dag.py:4180} INFO - Setting next_dagrun for spark_elasticsearch_pipeline to None, run_after=None
[2026-02-22T14:01:39.994+0000] {processor.py:208} INFO - Processing /opt/airflow/dags/spark_elasticsearch_pipeline.py took 0.062 seconds
[2026-02-22T14:02:10.519+0000] {processor.py:186} INFO - Started process (PID=948) to work on /opt/airflow/dags/spark_elasticsearch_pipeline.py
[2026-02-22T14:02:10.520+0000] {processor.py:914} INFO - Processing file /opt/airflow/dags/spark_elasticsearch_pipeline.py for tasks to queue
[2026-02-22T14:02:10.522+0000] {logging_mixin.py:190} INFO - [2026-02-22T14:02:10.521+0000] {dagbag.py:588} INFO - Filling up the DagBag from /opt/airflow/dags/spark_elasticsearch_pipeline.py
[2026-02-22T14:02:10.535+0000] {processor.py:925} INFO - DAG(s) 'spark_elasticsearch_pipeline' retrieved from /opt/airflow/dags/spark_elasticsearch_pipeline.py
[2026-02-22T14:02:10.553+0000] {logging_mixin.py:190} INFO - [2026-02-22T14:02:10.553+0000] {dag.py:3239} INFO - Sync 1 DAGs
[2026-02-22T14:02:10.563+0000] {logging_mixin.py:190} INFO - [2026-02-22T14:02:10.563+0000] {dag.py:4180} INFO - Setting next_dagrun for spark_elasticsearch_pipeline to None, run_after=None
[2026-02-22T14:02:10.578+0000] {processor.py:208} INFO - Processing /opt/airflow/dags/spark_elasticsearch_pipeline.py took 0.063 seconds
[2026-02-22T14:02:41.961+0000] {processor.py:186} INFO - Started process (PID=959) to work on /opt/airflow/dags/spark_elasticsearch_pipeline.py
[2026-02-22T14:02:41.961+0000] {processor.py:914} INFO - Processing file /opt/airflow/dags/spark_elasticsearch_pipeline.py for tasks to queue
[2026-02-22T14:02:41.963+0000] {logging_mixin.py:190} INFO - [2026-02-22T14:02:41.963+0000] {dagbag.py:588} INFO - Filling up the DagBag from /opt/airflow/dags/spark_elasticsearch_pipeline.py
[2026-02-22T14:02:41.977+0000] {processor.py:925} INFO - DAG(s) 'spark_elasticsearch_pipeline' retrieved from /opt/airflow/dags/spark_elasticsearch_pipeline.py
[2026-02-22T14:02:41.993+0000] {logging_mixin.py:190} INFO - [2026-02-22T14:02:41.993+0000] {dag.py:3239} INFO - Sync 1 DAGs
[2026-02-22T14:02:42.002+0000] {logging_mixin.py:190} INFO - [2026-02-22T14:02:42.002+0000] {dag.py:4180} INFO - Setting next_dagrun for spark_elasticsearch_pipeline to None, run_after=None
[2026-02-22T14:02:42.015+0000] {processor.py:208} INFO - Processing /opt/airflow/dags/spark_elasticsearch_pipeline.py took 0.058 seconds
[2026-02-22T14:03:14.108+0000] {processor.py:186} INFO - Started process (PID=970) to work on /opt/airflow/dags/spark_elasticsearch_pipeline.py
[2026-02-22T14:03:14.108+0000] {processor.py:914} INFO - Processing file /opt/airflow/dags/spark_elasticsearch_pipeline.py for tasks to queue
[2026-02-22T14:03:14.110+0000] {logging_mixin.py:190} INFO - [2026-02-22T14:03:14.110+0000] {dagbag.py:588} INFO - Filling up the DagBag from /opt/airflow/dags/spark_elasticsearch_pipeline.py
[2026-02-22T14:03:14.123+0000] {processor.py:925} INFO - DAG(s) 'spark_elasticsearch_pipeline' retrieved from /opt/airflow/dags/spark_elasticsearch_pipeline.py
[2026-02-22T14:03:14.138+0000] {logging_mixin.py:190} INFO - [2026-02-22T14:03:14.138+0000] {dag.py:3239} INFO - Sync 1 DAGs
[2026-02-22T14:03:14.148+0000] {logging_mixin.py:190} INFO - [2026-02-22T14:03:14.148+0000] {dag.py:4180} INFO - Setting next_dagrun for spark_elasticsearch_pipeline to None, run_after=None
[2026-02-22T14:03:14.158+0000] {processor.py:208} INFO - Processing /opt/airflow/dags/spark_elasticsearch_pipeline.py took 0.055 seconds
[2026-02-22T14:03:47.263+0000] {processor.py:186} INFO - Started process (PID=981) to work on /opt/airflow/dags/spark_elasticsearch_pipeline.py
[2026-02-22T14:03:47.263+0000] {processor.py:914} INFO - Processing file /opt/airflow/dags/spark_elasticsearch_pipeline.py for tasks to queue
[2026-02-22T14:03:47.265+0000] {logging_mixin.py:190} INFO - [2026-02-22T14:03:47.265+0000] {dagbag.py:588} INFO - Filling up the DagBag from /opt/airflow/dags/spark_elasticsearch_pipeline.py
[2026-02-22T14:03:47.282+0000] {processor.py:925} INFO - DAG(s) 'spark_elasticsearch_pipeline' retrieved from /opt/airflow/dags/spark_elasticsearch_pipeline.py
[2026-02-22T14:03:47.302+0000] {logging_mixin.py:190} INFO - [2026-02-22T14:03:47.302+0000] {dag.py:3239} INFO - Sync 1 DAGs
[2026-02-22T14:03:47.314+0000] {logging_mixin.py:190} INFO - [2026-02-22T14:03:47.314+0000] {dag.py:4180} INFO - Setting next_dagrun for spark_elasticsearch_pipeline to None, run_after=None
[2026-02-22T14:03:47.328+0000] {processor.py:208} INFO - Processing /opt/airflow/dags/spark_elasticsearch_pipeline.py took 0.070 seconds
[2026-02-22T14:04:17.824+0000] {processor.py:186} INFO - Started process (PID=992) to work on /opt/airflow/dags/spark_elasticsearch_pipeline.py
[2026-02-22T14:04:17.825+0000] {processor.py:914} INFO - Processing file /opt/airflow/dags/spark_elasticsearch_pipeline.py for tasks to queue
[2026-02-22T14:04:17.827+0000] {logging_mixin.py:190} INFO - [2026-02-22T14:04:17.826+0000] {dagbag.py:588} INFO - Filling up the DagBag from /opt/airflow/dags/spark_elasticsearch_pipeline.py
[2026-02-22T14:04:17.840+0000] {processor.py:925} INFO - DAG(s) 'spark_elasticsearch_pipeline' retrieved from /opt/airflow/dags/spark_elasticsearch_pipeline.py
[2026-02-22T14:04:17.857+0000] {logging_mixin.py:190} INFO - [2026-02-22T14:04:17.857+0000] {dag.py:3239} INFO - Sync 1 DAGs
[2026-02-22T14:04:17.866+0000] {logging_mixin.py:190} INFO - [2026-02-22T14:04:17.866+0000] {dag.py:4180} INFO - Setting next_dagrun for spark_elasticsearch_pipeline to None, run_after=None
[2026-02-22T14:04:17.879+0000] {processor.py:208} INFO - Processing /opt/airflow/dags/spark_elasticsearch_pipeline.py took 0.060 seconds
[2026-02-22T14:04:49.218+0000] {processor.py:186} INFO - Started process (PID=1003) to work on /opt/airflow/dags/spark_elasticsearch_pipeline.py
[2026-02-22T14:04:49.219+0000] {processor.py:914} INFO - Processing file /opt/airflow/dags/spark_elasticsearch_pipeline.py for tasks to queue
[2026-02-22T14:04:49.221+0000] {logging_mixin.py:190} INFO - [2026-02-22T14:04:49.221+0000] {dagbag.py:588} INFO - Filling up the DagBag from /opt/airflow/dags/spark_elasticsearch_pipeline.py
[2026-02-22T14:04:49.235+0000] {processor.py:925} INFO - DAG(s) 'spark_elasticsearch_pipeline' retrieved from /opt/airflow/dags/spark_elasticsearch_pipeline.py
[2026-02-22T14:04:49.258+0000] {logging_mixin.py:190} INFO - [2026-02-22T14:04:49.257+0000] {dag.py:3239} INFO - Sync 1 DAGs
[2026-02-22T14:04:49.270+0000] {logging_mixin.py:190} INFO - [2026-02-22T14:04:49.270+0000] {dag.py:4180} INFO - Setting next_dagrun for spark_elasticsearch_pipeline to None, run_after=None
[2026-02-22T14:04:49.284+0000] {processor.py:208} INFO - Processing /opt/airflow/dags/spark_elasticsearch_pipeline.py took 0.072 seconds
[2026-02-22T14:05:20.447+0000] {processor.py:186} INFO - Started process (PID=1014) to work on /opt/airflow/dags/spark_elasticsearch_pipeline.py
[2026-02-22T14:05:20.448+0000] {processor.py:914} INFO - Processing file /opt/airflow/dags/spark_elasticsearch_pipeline.py for tasks to queue
[2026-02-22T14:05:20.450+0000] {logging_mixin.py:190} INFO - [2026-02-22T14:05:20.450+0000] {dagbag.py:588} INFO - Filling up the DagBag from /opt/airflow/dags/spark_elasticsearch_pipeline.py
[2026-02-22T14:05:20.465+0000] {processor.py:925} INFO - DAG(s) 'spark_elasticsearch_pipeline' retrieved from /opt/airflow/dags/spark_elasticsearch_pipeline.py
[2026-02-22T14:05:20.487+0000] {logging_mixin.py:190} INFO - [2026-02-22T14:05:20.487+0000] {dag.py:3239} INFO - Sync 1 DAGs
[2026-02-22T14:05:20.497+0000] {logging_mixin.py:190} INFO - [2026-02-22T14:05:20.497+0000] {dag.py:4180} INFO - Setting next_dagrun for spark_elasticsearch_pipeline to None, run_after=None
[2026-02-22T14:05:20.511+0000] {processor.py:208} INFO - Processing /opt/airflow/dags/spark_elasticsearch_pipeline.py took 0.069 seconds
[2026-02-22T14:05:51.487+0000] {processor.py:186} INFO - Started process (PID=1025) to work on /opt/airflow/dags/spark_elasticsearch_pipeline.py
[2026-02-22T14:05:51.488+0000] {processor.py:914} INFO - Processing file /opt/airflow/dags/spark_elasticsearch_pipeline.py for tasks to queue
[2026-02-22T14:05:51.490+0000] {logging_mixin.py:190} INFO - [2026-02-22T14:05:51.490+0000] {dagbag.py:588} INFO - Filling up the DagBag from /opt/airflow/dags/spark_elasticsearch_pipeline.py
[2026-02-22T14:05:51.511+0000] {processor.py:925} INFO - DAG(s) 'spark_elasticsearch_pipeline' retrieved from /opt/airflow/dags/spark_elasticsearch_pipeline.py
[2026-02-22T14:05:51.535+0000] {logging_mixin.py:190} INFO - [2026-02-22T14:05:51.535+0000] {dag.py:3239} INFO - Sync 1 DAGs
[2026-02-22T14:05:51.547+0000] {logging_mixin.py:190} INFO - [2026-02-22T14:05:51.547+0000] {dag.py:4180} INFO - Setting next_dagrun for spark_elasticsearch_pipeline to None, run_after=None
[2026-02-22T14:05:51.560+0000] {processor.py:208} INFO - Processing /opt/airflow/dags/spark_elasticsearch_pipeline.py took 0.079 seconds
[2026-02-22T14:06:22.055+0000] {processor.py:186} INFO - Started process (PID=1036) to work on /opt/airflow/dags/spark_elasticsearch_pipeline.py
[2026-02-22T14:06:22.058+0000] {processor.py:914} INFO - Processing file /opt/airflow/dags/spark_elasticsearch_pipeline.py for tasks to queue
[2026-02-22T14:06:22.060+0000] {logging_mixin.py:190} INFO - [2026-02-22T14:06:22.059+0000] {dagbag.py:588} INFO - Filling up the DagBag from /opt/airflow/dags/spark_elasticsearch_pipeline.py
[2026-02-22T14:06:22.073+0000] {processor.py:925} INFO - DAG(s) 'spark_elasticsearch_pipeline' retrieved from /opt/airflow/dags/spark_elasticsearch_pipeline.py
[2026-02-22T14:06:22.092+0000] {logging_mixin.py:190} INFO - [2026-02-22T14:06:22.091+0000] {dag.py:3239} INFO - Sync 1 DAGs
[2026-02-22T14:06:22.103+0000] {logging_mixin.py:190} INFO - [2026-02-22T14:06:22.103+0000] {dag.py:4180} INFO - Setting next_dagrun for spark_elasticsearch_pipeline to None, run_after=None
[2026-02-22T14:06:22.119+0000] {processor.py:208} INFO - Processing /opt/airflow/dags/spark_elasticsearch_pipeline.py took 0.068 seconds
[2026-02-22T14:06:52.444+0000] {processor.py:186} INFO - Started process (PID=1047) to work on /opt/airflow/dags/spark_elasticsearch_pipeline.py
[2026-02-22T14:06:52.444+0000] {processor.py:914} INFO - Processing file /opt/airflow/dags/spark_elasticsearch_pipeline.py for tasks to queue
[2026-02-22T14:06:52.446+0000] {logging_mixin.py:190} INFO - [2026-02-22T14:06:52.446+0000] {dagbag.py:588} INFO - Filling up the DagBag from /opt/airflow/dags/spark_elasticsearch_pipeline.py
[2026-02-22T14:06:52.460+0000] {processor.py:925} INFO - DAG(s) 'spark_elasticsearch_pipeline' retrieved from /opt/airflow/dags/spark_elasticsearch_pipeline.py
[2026-02-22T14:06:52.478+0000] {logging_mixin.py:190} INFO - [2026-02-22T14:06:52.478+0000] {dag.py:3239} INFO - Sync 1 DAGs
[2026-02-22T14:06:52.488+0000] {logging_mixin.py:190} INFO - [2026-02-22T14:06:52.487+0000] {dag.py:4180} INFO - Setting next_dagrun for spark_elasticsearch_pipeline to None, run_after=None
[2026-02-22T14:06:52.502+0000] {processor.py:208} INFO - Processing /opt/airflow/dags/spark_elasticsearch_pipeline.py took 0.062 seconds
[2026-02-22T14:07:25.632+0000] {processor.py:186} INFO - Started process (PID=1058) to work on /opt/airflow/dags/spark_elasticsearch_pipeline.py
[2026-02-22T14:07:25.633+0000] {processor.py:914} INFO - Processing file /opt/airflow/dags/spark_elasticsearch_pipeline.py for tasks to queue
[2026-02-22T14:07:25.635+0000] {logging_mixin.py:190} INFO - [2026-02-22T14:07:25.635+0000] {dagbag.py:588} INFO - Filling up the DagBag from /opt/airflow/dags/spark_elasticsearch_pipeline.py
[2026-02-22T14:07:25.648+0000] {processor.py:925} INFO - DAG(s) 'spark_elasticsearch_pipeline' retrieved from /opt/airflow/dags/spark_elasticsearch_pipeline.py
[2026-02-22T14:07:25.666+0000] {logging_mixin.py:190} INFO - [2026-02-22T14:07:25.666+0000] {dag.py:3239} INFO - Sync 1 DAGs
[2026-02-22T14:07:25.677+0000] {logging_mixin.py:190} INFO - [2026-02-22T14:07:25.677+0000] {dag.py:4180} INFO - Setting next_dagrun for spark_elasticsearch_pipeline to None, run_after=None
[2026-02-22T14:07:25.689+0000] {processor.py:208} INFO - Processing /opt/airflow/dags/spark_elasticsearch_pipeline.py took 0.061 seconds
[2026-02-22T14:07:57.772+0000] {processor.py:186} INFO - Started process (PID=1069) to work on /opt/airflow/dags/spark_elasticsearch_pipeline.py
[2026-02-22T14:07:57.773+0000] {processor.py:914} INFO - Processing file /opt/airflow/dags/spark_elasticsearch_pipeline.py for tasks to queue
[2026-02-22T14:07:57.775+0000] {logging_mixin.py:190} INFO - [2026-02-22T14:07:57.774+0000] {dagbag.py:588} INFO - Filling up the DagBag from /opt/airflow/dags/spark_elasticsearch_pipeline.py
[2026-02-22T14:07:57.787+0000] {processor.py:925} INFO - DAG(s) 'spark_elasticsearch_pipeline' retrieved from /opt/airflow/dags/spark_elasticsearch_pipeline.py
[2026-02-22T14:07:57.803+0000] {logging_mixin.py:190} INFO - [2026-02-22T14:07:57.803+0000] {dag.py:3239} INFO - Sync 1 DAGs
[2026-02-22T14:07:57.812+0000] {logging_mixin.py:190} INFO - [2026-02-22T14:07:57.812+0000] {dag.py:4180} INFO - Setting next_dagrun for spark_elasticsearch_pipeline to None, run_after=None
[2026-02-22T14:07:57.823+0000] {processor.py:208} INFO - Processing /opt/airflow/dags/spark_elasticsearch_pipeline.py took 0.059 seconds
[2026-02-22T14:08:30.918+0000] {processor.py:186} INFO - Started process (PID=1080) to work on /opt/airflow/dags/spark_elasticsearch_pipeline.py
[2026-02-22T14:08:30.919+0000] {processor.py:914} INFO - Processing file /opt/airflow/dags/spark_elasticsearch_pipeline.py for tasks to queue
[2026-02-22T14:08:30.921+0000] {logging_mixin.py:190} INFO - [2026-02-22T14:08:30.921+0000] {dagbag.py:588} INFO - Filling up the DagBag from /opt/airflow/dags/spark_elasticsearch_pipeline.py
[2026-02-22T14:08:30.935+0000] {processor.py:925} INFO - DAG(s) 'spark_elasticsearch_pipeline' retrieved from /opt/airflow/dags/spark_elasticsearch_pipeline.py
[2026-02-22T14:08:30.955+0000] {logging_mixin.py:190} INFO - [2026-02-22T14:08:30.954+0000] {dag.py:3239} INFO - Sync 1 DAGs
[2026-02-22T14:08:30.966+0000] {logging_mixin.py:190} INFO - [2026-02-22T14:08:30.966+0000] {dag.py:4180} INFO - Setting next_dagrun for spark_elasticsearch_pipeline to None, run_after=None
[2026-02-22T14:08:30.979+0000] {processor.py:208} INFO - Processing /opt/airflow/dags/spark_elasticsearch_pipeline.py took 0.066 seconds
[2026-02-22T14:09:01.277+0000] {processor.py:186} INFO - Started process (PID=1091) to work on /opt/airflow/dags/spark_elasticsearch_pipeline.py
[2026-02-22T14:09:01.278+0000] {processor.py:914} INFO - Processing file /opt/airflow/dags/spark_elasticsearch_pipeline.py for tasks to queue
[2026-02-22T14:09:01.279+0000] {logging_mixin.py:190} INFO - [2026-02-22T14:09:01.279+0000] {dagbag.py:588} INFO - Filling up the DagBag from /opt/airflow/dags/spark_elasticsearch_pipeline.py
[2026-02-22T14:09:01.293+0000] {processor.py:925} INFO - DAG(s) 'spark_elasticsearch_pipeline' retrieved from /opt/airflow/dags/spark_elasticsearch_pipeline.py
[2026-02-22T14:09:01.312+0000] {logging_mixin.py:190} INFO - [2026-02-22T14:09:01.312+0000] {dag.py:3239} INFO - Sync 1 DAGs
[2026-02-22T14:09:01.322+0000] {logging_mixin.py:190} INFO - [2026-02-22T14:09:01.321+0000] {dag.py:4180} INFO - Setting next_dagrun for spark_elasticsearch_pipeline to None, run_after=None
[2026-02-22T14:09:01.333+0000] {processor.py:208} INFO - Processing /opt/airflow/dags/spark_elasticsearch_pipeline.py took 0.061 seconds
[2026-02-22T14:09:32.465+0000] {processor.py:186} INFO - Started process (PID=1102) to work on /opt/airflow/dags/spark_elasticsearch_pipeline.py
[2026-02-22T14:09:32.466+0000] {processor.py:914} INFO - Processing file /opt/airflow/dags/spark_elasticsearch_pipeline.py for tasks to queue
[2026-02-22T14:09:32.468+0000] {logging_mixin.py:190} INFO - [2026-02-22T14:09:32.467+0000] {dagbag.py:588} INFO - Filling up the DagBag from /opt/airflow/dags/spark_elasticsearch_pipeline.py
[2026-02-22T14:09:32.480+0000] {processor.py:925} INFO - DAG(s) 'spark_elasticsearch_pipeline' retrieved from /opt/airflow/dags/spark_elasticsearch_pipeline.py
[2026-02-22T14:09:32.497+0000] {logging_mixin.py:190} INFO - [2026-02-22T14:09:32.497+0000] {dag.py:3239} INFO - Sync 1 DAGs
[2026-02-22T14:09:32.507+0000] {logging_mixin.py:190} INFO - [2026-02-22T14:09:32.506+0000] {dag.py:4180} INFO - Setting next_dagrun for spark_elasticsearch_pipeline to None, run_after=None
[2026-02-22T14:09:32.518+0000] {processor.py:208} INFO - Processing /opt/airflow/dags/spark_elasticsearch_pipeline.py took 0.058 seconds
[2026-02-22T14:10:03.465+0000] {processor.py:186} INFO - Started process (PID=1113) to work on /opt/airflow/dags/spark_elasticsearch_pipeline.py
[2026-02-22T14:10:03.466+0000] {processor.py:914} INFO - Processing file /opt/airflow/dags/spark_elasticsearch_pipeline.py for tasks to queue
[2026-02-22T14:10:03.467+0000] {logging_mixin.py:190} INFO - [2026-02-22T14:10:03.467+0000] {dagbag.py:588} INFO - Filling up the DagBag from /opt/airflow/dags/spark_elasticsearch_pipeline.py
[2026-02-22T14:10:03.480+0000] {processor.py:925} INFO - DAG(s) 'spark_elasticsearch_pipeline' retrieved from /opt/airflow/dags/spark_elasticsearch_pipeline.py
[2026-02-22T14:10:03.497+0000] {logging_mixin.py:190} INFO - [2026-02-22T14:10:03.497+0000] {dag.py:3239} INFO - Sync 1 DAGs
[2026-02-22T14:10:03.507+0000] {logging_mixin.py:190} INFO - [2026-02-22T14:10:03.507+0000] {dag.py:4180} INFO - Setting next_dagrun for spark_elasticsearch_pipeline to None, run_after=None
[2026-02-22T14:10:03.519+0000] {processor.py:208} INFO - Processing /opt/airflow/dags/spark_elasticsearch_pipeline.py took 0.060 seconds
[2026-02-22T14:10:34.039+0000] {processor.py:186} INFO - Started process (PID=1124) to work on /opt/airflow/dags/spark_elasticsearch_pipeline.py
[2026-02-22T14:10:34.040+0000] {processor.py:914} INFO - Processing file /opt/airflow/dags/spark_elasticsearch_pipeline.py for tasks to queue
[2026-02-22T14:10:34.041+0000] {logging_mixin.py:190} INFO - [2026-02-22T14:10:34.041+0000] {dagbag.py:588} INFO - Filling up the DagBag from /opt/airflow/dags/spark_elasticsearch_pipeline.py
[2026-02-22T14:10:34.054+0000] {processor.py:925} INFO - DAG(s) 'spark_elasticsearch_pipeline' retrieved from /opt/airflow/dags/spark_elasticsearch_pipeline.py
[2026-02-22T14:10:34.072+0000] {logging_mixin.py:190} INFO - [2026-02-22T14:10:34.071+0000] {dag.py:3239} INFO - Sync 1 DAGs
[2026-02-22T14:10:34.081+0000] {logging_mixin.py:190} INFO - [2026-02-22T14:10:34.081+0000] {dag.py:4180} INFO - Setting next_dagrun for spark_elasticsearch_pipeline to None, run_after=None
[2026-02-22T14:10:34.093+0000] {processor.py:208} INFO - Processing /opt/airflow/dags/spark_elasticsearch_pipeline.py took 0.058 seconds
[2026-02-22T14:11:05.396+0000] {processor.py:186} INFO - Started process (PID=1135) to work on /opt/airflow/dags/spark_elasticsearch_pipeline.py
[2026-02-22T14:11:05.396+0000] {processor.py:914} INFO - Processing file /opt/airflow/dags/spark_elasticsearch_pipeline.py for tasks to queue
[2026-02-22T14:11:05.398+0000] {logging_mixin.py:190} INFO - [2026-02-22T14:11:05.398+0000] {dagbag.py:588} INFO - Filling up the DagBag from /opt/airflow/dags/spark_elasticsearch_pipeline.py
[2026-02-22T14:11:05.412+0000] {processor.py:925} INFO - DAG(s) 'spark_elasticsearch_pipeline' retrieved from /opt/airflow/dags/spark_elasticsearch_pipeline.py
[2026-02-22T14:11:05.429+0000] {logging_mixin.py:190} INFO - [2026-02-22T14:11:05.429+0000] {dag.py:3239} INFO - Sync 1 DAGs
[2026-02-22T14:11:05.439+0000] {logging_mixin.py:190} INFO - [2026-02-22T14:11:05.439+0000] {dag.py:4180} INFO - Setting next_dagrun for spark_elasticsearch_pipeline to None, run_after=None
[2026-02-22T14:11:05.452+0000] {processor.py:208} INFO - Processing /opt/airflow/dags/spark_elasticsearch_pipeline.py took 0.062 seconds
[2026-02-22T14:11:35.581+0000] {processor.py:186} INFO - Started process (PID=1146) to work on /opt/airflow/dags/spark_elasticsearch_pipeline.py
[2026-02-22T14:11:35.582+0000] {processor.py:914} INFO - Processing file /opt/airflow/dags/spark_elasticsearch_pipeline.py for tasks to queue
[2026-02-22T14:11:35.584+0000] {logging_mixin.py:190} INFO - [2026-02-22T14:11:35.584+0000] {dagbag.py:588} INFO - Filling up the DagBag from /opt/airflow/dags/spark_elasticsearch_pipeline.py
[2026-02-22T14:11:35.596+0000] {processor.py:925} INFO - DAG(s) 'spark_elasticsearch_pipeline' retrieved from /opt/airflow/dags/spark_elasticsearch_pipeline.py
[2026-02-22T14:11:35.614+0000] {logging_mixin.py:190} INFO - [2026-02-22T14:11:35.614+0000] {dag.py:3239} INFO - Sync 1 DAGs
[2026-02-22T14:11:35.624+0000] {logging_mixin.py:190} INFO - [2026-02-22T14:11:35.623+0000] {dag.py:4180} INFO - Setting next_dagrun for spark_elasticsearch_pipeline to None, run_after=None
[2026-02-22T14:11:35.637+0000] {processor.py:208} INFO - Processing /opt/airflow/dags/spark_elasticsearch_pipeline.py took 0.059 seconds
[2026-02-22T14:12:08.740+0000] {processor.py:186} INFO - Started process (PID=1157) to work on /opt/airflow/dags/spark_elasticsearch_pipeline.py
[2026-02-22T14:12:08.740+0000] {processor.py:914} INFO - Processing file /opt/airflow/dags/spark_elasticsearch_pipeline.py for tasks to queue
[2026-02-22T14:12:08.742+0000] {logging_mixin.py:190} INFO - [2026-02-22T14:12:08.742+0000] {dagbag.py:588} INFO - Filling up the DagBag from /opt/airflow/dags/spark_elasticsearch_pipeline.py
[2026-02-22T14:12:08.757+0000] {processor.py:925} INFO - DAG(s) 'spark_elasticsearch_pipeline' retrieved from /opt/airflow/dags/spark_elasticsearch_pipeline.py
[2026-02-22T14:12:08.774+0000] {logging_mixin.py:190} INFO - [2026-02-22T14:12:08.774+0000] {dag.py:3239} INFO - Sync 1 DAGs
[2026-02-22T14:12:08.786+0000] {logging_mixin.py:190} INFO - [2026-02-22T14:12:08.785+0000] {dag.py:4180} INFO - Setting next_dagrun for spark_elasticsearch_pipeline to None, run_after=None
[2026-02-22T14:12:08.799+0000] {processor.py:208} INFO - Processing /opt/airflow/dags/spark_elasticsearch_pipeline.py took 0.063 seconds
[2026-02-22T14:12:40.948+0000] {processor.py:186} INFO - Started process (PID=1168) to work on /opt/airflow/dags/spark_elasticsearch_pipeline.py
[2026-02-22T14:12:40.949+0000] {processor.py:914} INFO - Processing file /opt/airflow/dags/spark_elasticsearch_pipeline.py for tasks to queue
[2026-02-22T14:12:40.950+0000] {logging_mixin.py:190} INFO - [2026-02-22T14:12:40.950+0000] {dagbag.py:588} INFO - Filling up the DagBag from /opt/airflow/dags/spark_elasticsearch_pipeline.py
[2026-02-22T14:12:40.963+0000] {processor.py:925} INFO - DAG(s) 'spark_elasticsearch_pipeline' retrieved from /opt/airflow/dags/spark_elasticsearch_pipeline.py
[2026-02-22T14:12:40.979+0000] {logging_mixin.py:190} INFO - [2026-02-22T14:12:40.979+0000] {dag.py:3239} INFO - Sync 1 DAGs
[2026-02-22T14:12:40.988+0000] {logging_mixin.py:190} INFO - [2026-02-22T14:12:40.988+0000] {dag.py:4180} INFO - Setting next_dagrun for spark_elasticsearch_pipeline to None, run_after=None
[2026-02-22T14:12:40.999+0000] {processor.py:208} INFO - Processing /opt/airflow/dags/spark_elasticsearch_pipeline.py took 0.054 seconds
[2026-02-22T14:13:14.090+0000] {processor.py:186} INFO - Started process (PID=1179) to work on /opt/airflow/dags/spark_elasticsearch_pipeline.py
[2026-02-22T14:13:14.091+0000] {processor.py:914} INFO - Processing file /opt/airflow/dags/spark_elasticsearch_pipeline.py for tasks to queue
[2026-02-22T14:13:14.092+0000] {logging_mixin.py:190} INFO - [2026-02-22T14:13:14.092+0000] {dagbag.py:588} INFO - Filling up the DagBag from /opt/airflow/dags/spark_elasticsearch_pipeline.py
[2026-02-22T14:13:14.108+0000] {processor.py:925} INFO - DAG(s) 'spark_elasticsearch_pipeline' retrieved from /opt/airflow/dags/spark_elasticsearch_pipeline.py
[2026-02-22T14:13:14.126+0000] {logging_mixin.py:190} INFO - [2026-02-22T14:13:14.126+0000] {dag.py:3239} INFO - Sync 1 DAGs
[2026-02-22T14:13:14.137+0000] {logging_mixin.py:190} INFO - [2026-02-22T14:13:14.136+0000] {dag.py:4180} INFO - Setting next_dagrun for spark_elasticsearch_pipeline to None, run_after=None
[2026-02-22T14:13:14.150+0000] {processor.py:208} INFO - Processing /opt/airflow/dags/spark_elasticsearch_pipeline.py took 0.064 seconds
[2026-02-22T14:13:44.251+0000] {processor.py:186} INFO - Started process (PID=1190) to work on /opt/airflow/dags/spark_elasticsearch_pipeline.py
[2026-02-22T14:13:44.251+0000] {processor.py:914} INFO - Processing file /opt/airflow/dags/spark_elasticsearch_pipeline.py for tasks to queue
[2026-02-22T14:13:44.253+0000] {logging_mixin.py:190} INFO - [2026-02-22T14:13:44.253+0000] {dagbag.py:588} INFO - Filling up the DagBag from /opt/airflow/dags/spark_elasticsearch_pipeline.py
[2026-02-22T14:13:44.267+0000] {processor.py:925} INFO - DAG(s) 'spark_elasticsearch_pipeline' retrieved from /opt/airflow/dags/spark_elasticsearch_pipeline.py
[2026-02-22T14:13:44.284+0000] {logging_mixin.py:190} INFO - [2026-02-22T14:13:44.284+0000] {dag.py:3239} INFO - Sync 1 DAGs
[2026-02-22T14:13:44.293+0000] {logging_mixin.py:190} INFO - [2026-02-22T14:13:44.293+0000] {dag.py:4180} INFO - Setting next_dagrun for spark_elasticsearch_pipeline to None, run_after=None
[2026-02-22T14:13:44.306+0000] {processor.py:208} INFO - Processing /opt/airflow/dags/spark_elasticsearch_pipeline.py took 0.060 seconds
[2026-02-22T14:14:15.229+0000] {processor.py:186} INFO - Started process (PID=1201) to work on /opt/airflow/dags/spark_elasticsearch_pipeline.py
[2026-02-22T14:14:15.229+0000] {processor.py:914} INFO - Processing file /opt/airflow/dags/spark_elasticsearch_pipeline.py for tasks to queue
[2026-02-22T14:14:15.231+0000] {logging_mixin.py:190} INFO - [2026-02-22T14:14:15.231+0000] {dagbag.py:588} INFO - Filling up the DagBag from /opt/airflow/dags/spark_elasticsearch_pipeline.py
[2026-02-22T14:14:15.246+0000] {processor.py:925} INFO - DAG(s) 'spark_elasticsearch_pipeline' retrieved from /opt/airflow/dags/spark_elasticsearch_pipeline.py
[2026-02-22T14:14:15.266+0000] {logging_mixin.py:190} INFO - [2026-02-22T14:14:15.266+0000] {dag.py:3239} INFO - Sync 1 DAGs
[2026-02-22T14:14:15.275+0000] {logging_mixin.py:190} INFO - [2026-02-22T14:14:15.275+0000] {dag.py:4180} INFO - Setting next_dagrun for spark_elasticsearch_pipeline to None, run_after=None
[2026-02-22T14:14:15.290+0000] {processor.py:208} INFO - Processing /opt/airflow/dags/spark_elasticsearch_pipeline.py took 0.066 seconds
[2026-02-22T14:14:45.762+0000] {processor.py:186} INFO - Started process (PID=1212) to work on /opt/airflow/dags/spark_elasticsearch_pipeline.py
[2026-02-22T14:14:45.763+0000] {processor.py:914} INFO - Processing file /opt/airflow/dags/spark_elasticsearch_pipeline.py for tasks to queue
[2026-02-22T14:14:45.765+0000] {logging_mixin.py:190} INFO - [2026-02-22T14:14:45.764+0000] {dagbag.py:588} INFO - Filling up the DagBag from /opt/airflow/dags/spark_elasticsearch_pipeline.py
[2026-02-22T14:14:45.778+0000] {processor.py:925} INFO - DAG(s) 'spark_elasticsearch_pipeline' retrieved from /opt/airflow/dags/spark_elasticsearch_pipeline.py
[2026-02-22T14:14:45.797+0000] {logging_mixin.py:190} INFO - [2026-02-22T14:14:45.797+0000] {dag.py:3239} INFO - Sync 1 DAGs
[2026-02-22T14:14:45.808+0000] {logging_mixin.py:190} INFO - [2026-02-22T14:14:45.808+0000] {dag.py:4180} INFO - Setting next_dagrun for spark_elasticsearch_pipeline to None, run_after=None
[2026-02-22T14:14:45.822+0000] {processor.py:208} INFO - Processing /opt/airflow/dags/spark_elasticsearch_pipeline.py took 0.065 seconds
[2026-02-22T14:15:17.123+0000] {processor.py:186} INFO - Started process (PID=1223) to work on /opt/airflow/dags/spark_elasticsearch_pipeline.py
[2026-02-22T14:15:17.124+0000] {processor.py:914} INFO - Processing file /opt/airflow/dags/spark_elasticsearch_pipeline.py for tasks to queue
[2026-02-22T14:15:17.127+0000] {logging_mixin.py:190} INFO - [2026-02-22T14:15:17.126+0000] {dagbag.py:588} INFO - Filling up the DagBag from /opt/airflow/dags/spark_elasticsearch_pipeline.py
[2026-02-22T14:15:17.143+0000] {processor.py:925} INFO - DAG(s) 'spark_elasticsearch_pipeline' retrieved from /opt/airflow/dags/spark_elasticsearch_pipeline.py
[2026-02-22T14:15:17.165+0000] {logging_mixin.py:190} INFO - [2026-02-22T14:15:17.165+0000] {dag.py:3239} INFO - Sync 1 DAGs
[2026-02-22T14:15:17.177+0000] {logging_mixin.py:190} INFO - [2026-02-22T14:15:17.177+0000] {dag.py:4180} INFO - Setting next_dagrun for spark_elasticsearch_pipeline to None, run_after=None
[2026-02-22T14:15:17.193+0000] {processor.py:208} INFO - Processing /opt/airflow/dags/spark_elasticsearch_pipeline.py took 0.075 seconds
